Calling target program-options parser
[04:13:49.401] [bmv2] [D] [thread 14289] Set default default entry for table 'MyIngress.ipv4_lpm': MyIngress.drop - 
Adding interface s4-eth1 as port 1
[04:13:49.401] [bmv2] [D] [thread 14289] Adding interface s4-eth1 as port 1
Adding interface s4-eth2 as port 2
[04:13:49.416] [bmv2] [D] [thread 14289] Adding interface s4-eth2 as port 2
I1119 04:13:49.448253585   14289 server_builder.cc:247]      Synchronous server. Num CQs: 1, Min pollers: 1, Max Pollers: 2147483647, CQ timeout (msec): 1000
Server listening on 0.0.0.0:50054
[04:13:49.451] [bmv2] [I] [thread 14289] Starting Thrift server on port 9093
[04:13:49.451] [bmv2] [I] [thread 14289] Thrift server was started
[04:13:49.453] [bmv2] [D] [thread 14296] [0.0] [cxt 0] Processing packet received on port 1
[04:13:49.453] [bmv2] [D] [thread 14296] [0.0] [cxt 0] Parser 'parser': start
[04:13:49.453] [bmv2] [D] [thread 14296] [0.0] [cxt 0] Parser 'parser' entering state 'start'
[04:13:49.453] [bmv2] [D] [thread 14296] [0.0] [cxt 0] Extracting header 'ethernet'
[04:13:49.453] [bmv2] [D] [thread 14296] [0.0] [cxt 0] Parser state 'start': key is 86dd
[04:13:49.453] [bmv2] [T] [thread 14296] [0.0] [cxt 0] Bytes parsed: 14
[04:13:49.453] [bmv2] [D] [thread 14296] [0.0] [cxt 0] Parser 'parser': end
[04:13:49.453] [bmv2] [D] [thread 14296] [0.0] [cxt 0] Pipeline 'ingress': start
[04:13:49.453] [bmv2] [T] [thread 14296] [0.0] [cxt 0] basic.p4(114) Condition "hdr.ipv4.isValid()" (node_2) is false
[04:13:49.453] [bmv2] [D] [thread 14296] [0.0] [cxt 0] Pipeline 'ingress': end
[04:13:49.453] [bmv2] [D] [thread 14296] [0.0] [cxt 0] Egress port is 0
[04:13:49.453] [bmv2] [D] [thread 14297] [0.0] [cxt 0] Pipeline 'egress': start
[04:13:49.453] [bmv2] [D] [thread 14297] [0.0] [cxt 0] Pipeline 'egress': end
[04:13:49.453] [bmv2] [D] [thread 14297] [0.0] [cxt 0] Deparser 'deparser': start
[04:13:49.453] [bmv2] [T] [thread 14297] [0.0] [cxt 0] Skipping checksum 'cksum' update because condition not met
[04:13:49.453] [bmv2] [D] [thread 14297] [0.0] [cxt 0] Deparsing header 'ethernet'
[04:13:49.453] [bmv2] [D] [thread 14297] [0.0] [cxt 0] Deparser 'deparser': end
[04:13:49.453] [bmv2] [D] [thread 14301] [0.0] [cxt 0] Transmitting packet of size 208 out of port 0
[04:13:49.479] [bmv2] [D] [thread 14296] [1.0] [cxt 0] Processing packet received on port 2
[04:13:49.479] [bmv2] [D] [thread 14296] [1.0] [cxt 0] Parser 'parser': start
[04:13:49.479] [bmv2] [D] [thread 14296] [1.0] [cxt 0] Parser 'parser' entering state 'start'
[04:13:49.479] [bmv2] [D] [thread 14296] [1.0] [cxt 0] Extracting header 'ethernet'
[04:13:49.479] [bmv2] [D] [thread 14296] [1.0] [cxt 0] Parser state 'start': key is 86dd
[04:13:49.479] [bmv2] [T] [thread 14296] [1.0] [cxt 0] Bytes parsed: 14
[04:13:49.479] [bmv2] [D] [thread 14296] [1.0] [cxt 0] Parser 'parser': end
[04:13:49.479] [bmv2] [D] [thread 14296] [1.0] [cxt 0] Pipeline 'ingress': start
[04:13:49.479] [bmv2] [T] [thread 14296] [1.0] [cxt 0] basic.p4(114) Condition "hdr.ipv4.isValid()" (node_2) is false
[04:13:49.479] [bmv2] [D] [thread 14296] [1.0] [cxt 0] Pipeline 'ingress': end
[04:13:49.479] [bmv2] [D] [thread 14296] [1.0] [cxt 0] Egress port is 0
[04:13:49.479] [bmv2] [D] [thread 14297] [1.0] [cxt 0] Pipeline 'egress': start
[04:13:49.479] [bmv2] [D] [thread 14297] [1.0] [cxt 0] Pipeline 'egress': end
[04:13:49.479] [bmv2] [D] [thread 14297] [1.0] [cxt 0] Deparser 'deparser': start
[04:13:49.479] [bmv2] [T] [thread 14297] [1.0] [cxt 0] Skipping checksum 'cksum' update because condition not met
[04:13:49.479] [bmv2] [D] [thread 14297] [1.0] [cxt 0] Deparsing header 'ethernet'
[04:13:49.479] [bmv2] [D] [thread 14297] [1.0] [cxt 0] Deparser 'deparser': end
[04:13:49.479] [bmv2] [D] [thread 14301] [1.0] [cxt 0] Transmitting packet of size 208 out of port 0
[04:13:49.499] [bmv2] [D] [thread 14296] [2.0] [cxt 0] Processing packet received on port 1
[04:13:49.499] [bmv2] [D] [thread 14296] [2.0] [cxt 0] Parser 'parser': start
[04:13:49.499] [bmv2] [D] [thread 14296] [2.0] [cxt 0] Parser 'parser' entering state 'start'
[04:13:49.499] [bmv2] [D] [thread 14296] [2.0] [cxt 0] Extracting header 'ethernet'
[04:13:49.499] [bmv2] [D] [thread 14296] [2.0] [cxt 0] Parser state 'start': key is 86dd
[04:13:49.499] [bmv2] [T] [thread 14296] [2.0] [cxt 0] Bytes parsed: 14
[04:13:49.499] [bmv2] [D] [thread 14296] [2.0] [cxt 0] Parser 'parser': end
[04:13:49.499] [bmv2] [D] [thread 14296] [2.0] [cxt 0] Pipeline 'ingress': start
[04:13:49.499] [bmv2] [T] [thread 14296] [2.0] [cxt 0] basic.p4(114) Condition "hdr.ipv4.isValid()" (node_2) is false
[04:13:49.499] [bmv2] [D] [thread 14296] [2.0] [cxt 0] Pipeline 'ingress': end
[04:13:49.499] [bmv2] [D] [thread 14296] [2.0] [cxt 0] Egress port is 0
[04:13:49.499] [bmv2] [D] [thread 14297] [2.0] [cxt 0] Pipeline 'egress': start
[04:13:49.499] [bmv2] [D] [thread 14297] [2.0] [cxt 0] Pipeline 'egress': end
[04:13:49.499] [bmv2] [D] [thread 14297] [2.0] [cxt 0] Deparser 'deparser': start
[04:13:49.499] [bmv2] [T] [thread 14297] [2.0] [cxt 0] Skipping checksum 'cksum' update because condition not met
[04:13:49.499] [bmv2] [D] [thread 14297] [2.0] [cxt 0] Deparsing header 'ethernet'
[04:13:49.499] [bmv2] [D] [thread 14297] [2.0] [cxt 0] Deparser 'deparser': end
[04:13:49.499] [bmv2] [D] [thread 14301] [2.0] [cxt 0] Transmitting packet of size 110 out of port 0
[04:13:49.499] [bmv2] [D] [thread 14296] [3.0] [cxt 0] Processing packet received on port 1
[04:13:49.499] [bmv2] [D] [thread 14296] [3.0] [cxt 0] Parser 'parser': start
[04:13:49.499] [bmv2] [D] [thread 14296] [3.0] [cxt 0] Parser 'parser' entering state 'start'
[04:13:49.500] [bmv2] [D] [thread 14296] [3.0] [cxt 0] Extracting header 'ethernet'
[04:13:49.500] [bmv2] [D] [thread 14296] [3.0] [cxt 0] Parser state 'start': key is 86dd
[04:13:49.500] [bmv2] [T] [thread 14296] [3.0] [cxt 0] Bytes parsed: 14
[04:13:49.500] [bmv2] [D] [thread 14296] [3.0] [cxt 0] Parser 'parser': end
[04:13:49.500] [bmv2] [D] [thread 14296] [3.0] [cxt 0] Pipeline 'ingress': start
[04:13:49.500] [bmv2] [T] [thread 14296] [3.0] [cxt 0] basic.p4(114) Condition "hdr.ipv4.isValid()" (node_2) is false
[04:13:49.500] [bmv2] [D] [thread 14296] [3.0] [cxt 0] Pipeline 'ingress': end
[04:13:49.500] [bmv2] [D] [thread 14296] [3.0] [cxt 0] Egress port is 0
[04:13:49.500] [bmv2] [D] [thread 14297] [3.0] [cxt 0] Pipeline 'egress': start
[04:13:49.500] [bmv2] [D] [thread 14297] [3.0] [cxt 0] Pipeline 'egress': end
[04:13:49.500] [bmv2] [D] [thread 14297] [3.0] [cxt 0] Deparser 'deparser': start
[04:13:49.500] [bmv2] [T] [thread 14297] [3.0] [cxt 0] Skipping checksum 'cksum' update because condition not met
[04:13:49.500] [bmv2] [D] [thread 14297] [3.0] [cxt 0] Deparsing header 'ethernet'
[04:13:49.500] [bmv2] [D] [thread 14297] [3.0] [cxt 0] Deparser 'deparser': end
[04:13:49.500] [bmv2] [D] [thread 14301] [3.0] [cxt 0] Transmitting packet of size 208 out of port 0
[04:13:49.512] [bmv2] [D] [thread 14296] [4.0] [cxt 0] Processing packet received on port 2
[04:13:49.513] [bmv2] [D] [thread 14296] [4.0] [cxt 0] Parser 'parser': start
[04:13:49.513] [bmv2] [D] [thread 14296] [4.0] [cxt 0] Parser 'parser' entering state 'start'
[04:13:49.513] [bmv2] [D] [thread 14296] [4.0] [cxt 0] Extracting header 'ethernet'
[04:13:49.513] [bmv2] [D] [thread 14296] [4.0] [cxt 0] Parser state 'start': key is 86dd
[04:13:49.513] [bmv2] [T] [thread 14296] [4.0] [cxt 0] Bytes parsed: 14
[04:13:49.513] [bmv2] [D] [thread 14296] [4.0] [cxt 0] Parser 'parser': end
[04:13:49.513] [bmv2] [D] [thread 14296] [4.0] [cxt 0] Pipeline 'ingress': start
[04:13:49.513] [bmv2] [T] [thread 14296] [4.0] [cxt 0] basic.p4(114) Condition "hdr.ipv4.isValid()" (node_2) is false
[04:13:49.513] [bmv2] [D] [thread 14296] [4.0] [cxt 0] Pipeline 'ingress': end
[04:13:49.513] [bmv2] [D] [thread 14296] [4.0] [cxt 0] Egress port is 0
[04:13:49.513] [bmv2] [D] [thread 14297] [4.0] [cxt 0] Pipeline 'egress': start
[04:13:49.513] [bmv2] [D] [thread 14297] [4.0] [cxt 0] Pipeline 'egress': end
[04:13:49.513] [bmv2] [D] [thread 14297] [4.0] [cxt 0] Deparser 'deparser': start
[04:13:49.513] [bmv2] [T] [thread 14297] [4.0] [cxt 0] Skipping checksum 'cksum' update because condition not met
[04:13:49.513] [bmv2] [D] [thread 14297] [4.0] [cxt 0] Deparsing header 'ethernet'
[04:13:49.513] [bmv2] [D] [thread 14297] [4.0] [cxt 0] Deparser 'deparser': end
[04:13:49.513] [bmv2] [D] [thread 14301] [4.0] [cxt 0] Transmitting packet of size 107 out of port 0
[04:13:49.599] [bmv2] [D] [thread 14296] [5.0] [cxt 0] Processing packet received on port 2
[04:13:49.599] [bmv2] [D] [thread 14296] [5.0] [cxt 0] Parser 'parser': start
[04:13:49.599] [bmv2] [D] [thread 14296] [5.0] [cxt 0] Parser 'parser' entering state 'start'
[04:13:49.599] [bmv2] [D] [thread 14296] [5.0] [cxt 0] Extracting header 'ethernet'
[04:13:49.599] [bmv2] [D] [thread 14296] [5.0] [cxt 0] Parser state 'start': key is 86dd
[04:13:49.600] [bmv2] [T] [thread 14296] [5.0] [cxt 0] Bytes parsed: 14
[04:13:49.600] [bmv2] [D] [thread 14296] [5.0] [cxt 0] Parser 'parser': end
[04:13:49.600] [bmv2] [D] [thread 14296] [5.0] [cxt 0] Pipeline 'ingress': start
[04:13:49.600] [bmv2] [T] [thread 14296] [5.0] [cxt 0] basic.p4(114) Condition "hdr.ipv4.isValid()" (node_2) is false
[04:13:49.600] [bmv2] [D] [thread 14296] [5.0] [cxt 0] Pipeline 'ingress': end
[04:13:49.600] [bmv2] [D] [thread 14296] [5.0] [cxt 0] Egress port is 0
[04:13:49.600] [bmv2] [D] [thread 14297] [5.0] [cxt 0] Pipeline 'egress': start
[04:13:49.600] [bmv2] [D] [thread 14297] [5.0] [cxt 0] Pipeline 'egress': end
[04:13:49.600] [bmv2] [D] [thread 14297] [5.0] [cxt 0] Deparser 'deparser': start
[04:13:49.600] [bmv2] [T] [thread 14297] [5.0] [cxt 0] Skipping checksum 'cksum' update because condition not met
[04:13:49.600] [bmv2] [D] [thread 14297] [5.0] [cxt 0] Deparsing header 'ethernet'
[04:13:49.600] [bmv2] [D] [thread 14297] [5.0] [cxt 0] Deparser 'deparser': end
[04:13:49.600] [bmv2] [D] [thread 14301] [5.0] [cxt 0] Transmitting packet of size 90 out of port 0
[04:13:49.612] [bmv2] [D] [thread 14296] [6.0] [cxt 0] Processing packet received on port 1
[04:13:49.612] [bmv2] [D] [thread 14296] [6.0] [cxt 0] Parser 'parser': start
[04:13:49.612] [bmv2] [D] [thread 14296] [6.0] [cxt 0] Parser 'parser' entering state 'start'
[04:13:49.612] [bmv2] [D] [thread 14296] [6.0] [cxt 0] Extracting header 'ethernet'
[04:13:49.612] [bmv2] [D] [thread 14296] [6.0] [cxt 0] Parser state 'start': key is 86dd
[04:13:49.612] [bmv2] [T] [thread 14296] [6.0] [cxt 0] Bytes parsed: 14
[04:13:49.612] [bmv2] [D] [thread 14296] [6.0] [cxt 0] Parser 'parser': end
[04:13:49.612] [bmv2] [D] [thread 14296] [6.0] [cxt 0] Pipeline 'ingress': start
[04:13:49.612] [bmv2] [T] [thread 14296] [6.0] [cxt 0] basic.p4(114) Condition "hdr.ipv4.isValid()" (node_2) is false
[04:13:49.612] [bmv2] [D] [thread 14296] [6.0] [cxt 0] Pipeline 'ingress': end
[04:13:49.612] [bmv2] [D] [thread 14296] [6.0] [cxt 0] Egress port is 0
[04:13:49.612] [bmv2] [D] [thread 14297] [6.0] [cxt 0] Pipeline 'egress': start
[04:13:49.612] [bmv2] [D] [thread 14297] [6.0] [cxt 0] Pipeline 'egress': end
[04:13:49.612] [bmv2] [D] [thread 14297] [6.0] [cxt 0] Deparser 'deparser': start
[04:13:49.612] [bmv2] [T] [thread 14297] [6.0] [cxt 0] Skipping checksum 'cksum' update because condition not met
[04:13:49.612] [bmv2] [D] [thread 14297] [6.0] [cxt 0] Deparsing header 'ethernet'
[04:13:49.612] [bmv2] [D] [thread 14297] [6.0] [cxt 0] Deparser 'deparser': end
[04:13:49.612] [bmv2] [D] [thread 14301] [6.0] [cxt 0] Transmitting packet of size 110 out of port 0
[04:13:49.628] [bmv2] [D] [thread 14296] [7.0] [cxt 0] Processing packet received on port 2
[04:13:49.628] [bmv2] [D] [thread 14296] [7.0] [cxt 0] Parser 'parser': start
[04:13:49.628] [bmv2] [D] [thread 14296] [7.0] [cxt 0] Parser 'parser' entering state 'start'
[04:13:49.628] [bmv2] [D] [thread 14296] [7.0] [cxt 0] Extracting header 'ethernet'
[04:13:49.628] [bmv2] [D] [thread 14296] [7.0] [cxt 0] Parser state 'start': key is 86dd
[04:13:49.628] [bmv2] [T] [thread 14296] [7.0] [cxt 0] Bytes parsed: 14
[04:13:49.628] [bmv2] [D] [thread 14296] [7.0] [cxt 0] Parser 'parser': end
[04:13:49.628] [bmv2] [D] [thread 14296] [7.0] [cxt 0] Pipeline 'ingress': start
[04:13:49.628] [bmv2] [T] [thread 14296] [7.0] [cxt 0] basic.p4(114) Condition "hdr.ipv4.isValid()" (node_2) is false
[04:13:49.628] [bmv2] [D] [thread 14296] [7.0] [cxt 0] Pipeline 'ingress': end
[04:13:49.628] [bmv2] [D] [thread 14296] [7.0] [cxt 0] Egress port is 0
[04:13:49.628] [bmv2] [D] [thread 14297] [7.0] [cxt 0] Pipeline 'egress': start
[04:13:49.628] [bmv2] [D] [thread 14297] [7.0] [cxt 0] Pipeline 'egress': end
[04:13:49.628] [bmv2] [D] [thread 14297] [7.0] [cxt 0] Deparser 'deparser': start
[04:13:49.628] [bmv2] [T] [thread 14297] [7.0] [cxt 0] Skipping checksum 'cksum' update because condition not met
[04:13:49.628] [bmv2] [D] [thread 14297] [7.0] [cxt 0] Deparsing header 'ethernet'
[04:13:49.628] [bmv2] [D] [thread 14297] [7.0] [cxt 0] Deparser 'deparser': end
[04:13:49.628] [bmv2] [D] [thread 14301] [7.0] [cxt 0] Transmitting packet of size 90 out of port 0
[04:13:49.710] [bmv2] [D] [thread 14296] [8.0] [cxt 0] Processing packet received on port 1
[04:13:49.710] [bmv2] [D] [thread 14296] [8.0] [cxt 0] Parser 'parser': start
[04:13:49.710] [bmv2] [D] [thread 14296] [8.0] [cxt 0] Parser 'parser' entering state 'start'
[04:13:49.710] [bmv2] [D] [thread 14296] [8.0] [cxt 0] Extracting header 'ethernet'
[04:13:49.710] [bmv2] [D] [thread 14296] [8.0] [cxt 0] Parser state 'start': key is 86dd
[04:13:49.710] [bmv2] [T] [thread 14296] [8.0] [cxt 0] Bytes parsed: 14
[04:13:49.710] [bmv2] [D] [thread 14296] [8.0] [cxt 0] Parser 'parser': end
[04:13:49.710] [bmv2] [D] [thread 14296] [8.0] [cxt 0] Pipeline 'ingress': start
[04:13:49.711] [bmv2] [T] [thread 14296] [8.0] [cxt 0] basic.p4(114) Condition "hdr.ipv4.isValid()" (node_2) is false
[04:13:49.711] [bmv2] [D] [thread 14296] [8.0] [cxt 0] Pipeline 'ingress': end
[04:13:49.711] [bmv2] [D] [thread 14296] [8.0] [cxt 0] Egress port is 0
[04:13:49.711] [bmv2] [D] [thread 14297] [8.0] [cxt 0] Pipeline 'egress': start
[04:13:49.711] [bmv2] [D] [thread 14297] [8.0] [cxt 0] Pipeline 'egress': end
[04:13:49.711] [bmv2] [D] [thread 14297] [8.0] [cxt 0] Deparser 'deparser': start
[04:13:49.711] [bmv2] [T] [thread 14297] [8.0] [cxt 0] Skipping checksum 'cksum' update because condition not met
[04:13:49.711] [bmv2] [D] [thread 14297] [8.0] [cxt 0] Deparsing header 'ethernet'
[04:13:49.711] [bmv2] [D] [thread 14297] [8.0] [cxt 0] Deparser 'deparser': end
[04:13:49.711] [bmv2] [D] [thread 14301] [8.0] [cxt 0] Transmitting packet of size 208 out of port 0
[04:13:49.757] [bmv2] [D] [thread 14296] [9.0] [cxt 0] Processing packet received on port 1
[04:13:49.757] [bmv2] [D] [thread 14296] [9.0] [cxt 0] Parser 'parser': start
[04:13:49.757] [bmv2] [D] [thread 14296] [9.0] [cxt 0] Parser 'parser' entering state 'start'
[04:13:49.757] [bmv2] [D] [thread 14296] [9.0] [cxt 0] Extracting header 'ethernet'
[04:13:49.757] [bmv2] [D] [thread 14296] [9.0] [cxt 0] Parser state 'start': key is 86dd
[04:13:49.757] [bmv2] [T] [thread 14296] [9.0] [cxt 0] Bytes parsed: 14
[04:13:49.757] [bmv2] [D] [thread 14296] [9.0] [cxt 0] Parser 'parser': end
[04:13:49.757] [bmv2] [D] [thread 14296] [9.0] [cxt 0] Pipeline 'ingress': start
[04:13:49.757] [bmv2] [T] [thread 14296] [9.0] [cxt 0] basic.p4(114) Condition "hdr.ipv4.isValid()" (node_2) is false
[04:13:49.757] [bmv2] [D] [thread 14296] [9.0] [cxt 0] Pipeline 'ingress': end
[04:13:49.757] [bmv2] [D] [thread 14296] [9.0] [cxt 0] Egress port is 0
[04:13:49.757] [bmv2] [D] [thread 14296] [10.0] [cxt 0] Processing packet received on port 2
[04:13:49.757] [bmv2] [D] [thread 14296] [10.0] [cxt 0] Parser 'parser': start
[04:13:49.757] [bmv2] [D] [thread 14296] [10.0] [cxt 0] Parser 'parser' entering state 'start'
[04:13:49.757] [bmv2] [D] [thread 14296] [10.0] [cxt 0] Extracting header 'ethernet'
[04:13:49.757] [bmv2] [D] [thread 14296] [10.0] [cxt 0] Parser state 'start': key is 86dd
[04:13:49.757] [bmv2] [T] [thread 14296] [10.0] [cxt 0] Bytes parsed: 14
[04:13:49.757] [bmv2] [D] [thread 14296] [10.0] [cxt 0] Parser 'parser': end
[04:13:49.757] [bmv2] [D] [thread 14296] [10.0] [cxt 0] Pipeline 'ingress': start
[04:13:49.757] [bmv2] [T] [thread 14296] [10.0] [cxt 0] basic.p4(114) Condition "hdr.ipv4.isValid()" (node_2) is false
[04:13:49.757] [bmv2] [D] [thread 14296] [10.0] [cxt 0] Pipeline 'ingress': end
[04:13:49.757] [bmv2] [D] [thread 14296] [10.0] [cxt 0] Egress port is 0
[04:13:49.757] [bmv2] [D] [thread 14297] [9.0] [cxt 0] Pipeline 'egress': start
[04:13:49.757] [bmv2] [D] [thread 14297] [9.0] [cxt 0] Pipeline 'egress': end
[04:13:49.757] [bmv2] [D] [thread 14297] [9.0] [cxt 0] Deparser 'deparser': start
[04:13:49.757] [bmv2] [T] [thread 14297] [9.0] [cxt 0] Skipping checksum 'cksum' update because condition not met
[04:13:49.757] [bmv2] [D] [thread 14297] [9.0] [cxt 0] Deparsing header 'ethernet'
[04:13:49.757] [bmv2] [D] [thread 14296] [11.0] [cxt 0] Processing packet received on port 2
[04:13:49.757] [bmv2] [D] [thread 14296] [11.0] [cxt 0] Parser 'parser': start
[04:13:49.757] [bmv2] [D] [thread 14297] [9.0] [cxt 0] Deparser 'deparser': end
[04:13:49.757] [bmv2] [D] [thread 14296] [11.0] [cxt 0] Parser 'parser' entering state 'start'
[04:13:49.757] [bmv2] [D] [thread 14297] [10.0] [cxt 0] Pipeline 'egress': start
[04:13:49.757] [bmv2] [D] [thread 14296] [11.0] [cxt 0] Extracting header 'ethernet'
[04:13:49.757] [bmv2] [D] [thread 14296] [11.0] [cxt 0] Parser state 'start': key is 86dd
[04:13:49.757] [bmv2] [T] [thread 14296] [11.0] [cxt 0] Bytes parsed: 14
[04:13:49.757] [bmv2] [D] [thread 14296] [11.0] [cxt 0] Parser 'parser': end
[04:13:49.757] [bmv2] [D] [thread 14296] [11.0] [cxt 0] Pipeline 'ingress': start
[04:13:49.757] [bmv2] [D] [thread 14297] [10.0] [cxt 0] Pipeline 'egress': end
[04:13:49.757] [bmv2] [D] [thread 14297] [10.0] [cxt 0] Deparser 'deparser': start
[04:13:49.757] [bmv2] [T] [thread 14297] [10.0] [cxt 0] Skipping checksum 'cksum' update because condition not met
[04:13:49.757] [bmv2] [T] [thread 14296] [11.0] [cxt 0] basic.p4(114) Condition "hdr.ipv4.isValid()" (node_2) is false
[04:13:49.758] [bmv2] [D] [thread 14297] [10.0] [cxt 0] Deparsing header 'ethernet'
[04:13:49.758] [bmv2] [D] [thread 14296] [11.0] [cxt 0] Pipeline 'ingress': end
[04:13:49.758] [bmv2] [D] [thread 14297] [10.0] [cxt 0] Deparser 'deparser': end
[04:13:49.758] [bmv2] [D] [thread 14296] [11.0] [cxt 0] Egress port is 0
[04:13:49.758] [bmv2] [D] [thread 14301] [9.0] [cxt 0] Transmitting packet of size 208 out of port 0
[04:13:49.758] [bmv2] [D] [thread 14301] [10.0] [cxt 0] Transmitting packet of size 208 out of port 0
[04:13:49.758] [bmv2] [D] [thread 14297] [11.0] [cxt 0] Pipeline 'egress': start
[04:13:49.758] [bmv2] [D] [thread 14297] [11.0] [cxt 0] Pipeline 'egress': end
[04:13:49.758] [bmv2] [D] [thread 14297] [11.0] [cxt 0] Deparser 'deparser': start
[04:13:49.758] [bmv2] [T] [thread 14297] [11.0] [cxt 0] Skipping checksum 'cksum' update because condition not met
[04:13:49.758] [bmv2] [D] [thread 14297] [11.0] [cxt 0] Deparsing header 'ethernet'
[04:13:49.758] [bmv2] [D] [thread 14297] [11.0] [cxt 0] Deparser 'deparser': end
[04:13:49.758] [bmv2] [D] [thread 14301] [11.0] [cxt 0] Transmitting packet of size 107 out of port 0
[04:13:49.918] [bmv2] [D] [thread 14296] [12.0] [cxt 0] Processing packet received on port 1
[04:13:49.918] [bmv2] [D] [thread 14296] [12.0] [cxt 0] Parser 'parser': start
[04:13:49.918] [bmv2] [D] [thread 14296] [12.0] [cxt 0] Parser 'parser' entering state 'start'
[04:13:49.918] [bmv2] [D] [thread 14296] [12.0] [cxt 0] Extracting header 'ethernet'
[04:13:49.918] [bmv2] [D] [thread 14296] [12.0] [cxt 0] Parser state 'start': key is 86dd
[04:13:49.918] [bmv2] [T] [thread 14296] [12.0] [cxt 0] Bytes parsed: 14
[04:13:49.918] [bmv2] [D] [thread 14296] [12.0] [cxt 0] Parser 'parser': end
[04:13:49.918] [bmv2] [D] [thread 14296] [12.0] [cxt 0] Pipeline 'ingress': start
[04:13:49.918] [bmv2] [T] [thread 14296] [12.0] [cxt 0] basic.p4(114) Condition "hdr.ipv4.isValid()" (node_2) is false
[04:13:49.918] [bmv2] [D] [thread 14296] [12.0] [cxt 0] Pipeline 'ingress': end
[04:13:49.918] [bmv2] [D] [thread 14296] [12.0] [cxt 0] Egress port is 0
[04:13:49.919] [bmv2] [D] [thread 14297] [12.0] [cxt 0] Pipeline 'egress': start
[04:13:49.919] [bmv2] [D] [thread 14297] [12.0] [cxt 0] Pipeline 'egress': end
[04:13:49.919] [bmv2] [D] [thread 14297] [12.0] [cxt 0] Deparser 'deparser': start
[04:13:49.919] [bmv2] [T] [thread 14297] [12.0] [cxt 0] Skipping checksum 'cksum' update because condition not met
[04:13:49.919] [bmv2] [D] [thread 14297] [12.0] [cxt 0] Deparsing header 'ethernet'
[04:13:49.919] [bmv2] [D] [thread 14297] [12.0] [cxt 0] Deparser 'deparser': end
[04:13:49.919] [bmv2] [D] [thread 14301] [12.0] [cxt 0] Transmitting packet of size 196 out of port 0
[04:13:49.950] [bmv2] [D] [thread 14296] [13.0] [cxt 0] Processing packet received on port 1
[04:13:49.950] [bmv2] [D] [thread 14296] [13.0] [cxt 0] Parser 'parser': start
[04:13:49.950] [bmv2] [D] [thread 14296] [13.0] [cxt 0] Parser 'parser' entering state 'start'
[04:13:49.950] [bmv2] [D] [thread 14296] [13.0] [cxt 0] Extracting header 'ethernet'
[04:13:49.950] [bmv2] [D] [thread 14296] [13.0] [cxt 0] Parser state 'start': key is 86dd
[04:13:49.950] [bmv2] [T] [thread 14296] [13.0] [cxt 0] Bytes parsed: 14
[04:13:49.950] [bmv2] [D] [thread 14296] [13.0] [cxt 0] Parser 'parser': end
[04:13:49.950] [bmv2] [D] [thread 14296] [13.0] [cxt 0] Pipeline 'ingress': start
[04:13:49.950] [bmv2] [T] [thread 14296] [13.0] [cxt 0] basic.p4(114) Condition "hdr.ipv4.isValid()" (node_2) is false
[04:13:49.950] [bmv2] [D] [thread 14296] [13.0] [cxt 0] Pipeline 'ingress': end
[04:13:49.950] [bmv2] [D] [thread 14296] [13.0] [cxt 0] Egress port is 0
[04:13:49.950] [bmv2] [D] [thread 14297] [13.0] [cxt 0] Pipeline 'egress': start
[04:13:49.950] [bmv2] [D] [thread 14297] [13.0] [cxt 0] Pipeline 'egress': end
[04:13:49.950] [bmv2] [D] [thread 14297] [13.0] [cxt 0] Deparser 'deparser': start
[04:13:49.950] [bmv2] [T] [thread 14297] [13.0] [cxt 0] Skipping checksum 'cksum' update because condition not met
[04:13:49.950] [bmv2] [D] [thread 14297] [13.0] [cxt 0] Deparsing header 'ethernet'
[04:13:49.950] [bmv2] [D] [thread 14297] [13.0] [cxt 0] Deparser 'deparser': end
[04:13:49.950] [bmv2] [D] [thread 14301] [13.0] [cxt 0] Transmitting packet of size 196 out of port 0
[04:13:49.982] [bmv2] [D] [thread 14296] [14.0] [cxt 0] Processing packet received on port 2
[04:13:49.982] [bmv2] [D] [thread 14296] [14.0] [cxt 0] Parser 'parser': start
[04:13:49.982] [bmv2] [D] [thread 14296] [14.0] [cxt 0] Parser 'parser' entering state 'start'
[04:13:49.982] [bmv2] [D] [thread 14296] [14.0] [cxt 0] Extracting header 'ethernet'
[04:13:49.982] [bmv2] [D] [thread 14296] [14.0] [cxt 0] Parser state 'start': key is 86dd
[04:13:49.982] [bmv2] [T] [thread 14296] [14.0] [cxt 0] Bytes parsed: 14
[04:13:49.982] [bmv2] [D] [thread 14296] [14.0] [cxt 0] Parser 'parser': end
[04:13:49.982] [bmv2] [D] [thread 14296] [14.0] [cxt 0] Pipeline 'ingress': start
[04:13:49.982] [bmv2] [T] [thread 14296] [14.0] [cxt 0] basic.p4(114) Condition "hdr.ipv4.isValid()" (node_2) is false
[04:13:49.982] [bmv2] [D] [thread 14296] [14.0] [cxt 0] Pipeline 'ingress': end
[04:13:49.982] [bmv2] [D] [thread 14296] [14.0] [cxt 0] Egress port is 0
[04:13:49.982] [bmv2] [D] [thread 14296] [15.0] [cxt 0] Processing packet received on port 2
[04:13:49.982] [bmv2] [D] [thread 14296] [15.0] [cxt 0] Parser 'parser': start
[04:13:49.982] [bmv2] [D] [thread 14296] [15.0] [cxt 0] Parser 'parser' entering state 'start'
[04:13:49.982] [bmv2] [D] [thread 14296] [15.0] [cxt 0] Extracting header 'ethernet'
[04:13:49.982] [bmv2] [D] [thread 14296] [15.0] [cxt 0] Parser state 'start': key is 86dd
[04:13:49.982] [bmv2] [T] [thread 14296] [15.0] [cxt 0] Bytes parsed: 14
[04:13:49.982] [bmv2] [D] [thread 14296] [15.0] [cxt 0] Parser 'parser': end
[04:13:49.982] [bmv2] [D] [thread 14296] [15.0] [cxt 0] Pipeline 'ingress': start
[04:13:49.982] [bmv2] [T] [thread 14296] [15.0] [cxt 0] basic.p4(114) Condition "hdr.ipv4.isValid()" (node_2) is false
[04:13:49.982] [bmv2] [D] [thread 14296] [15.0] [cxt 0] Pipeline 'ingress': end
[04:13:49.982] [bmv2] [D] [thread 14296] [15.0] [cxt 0] Egress port is 0
[04:13:49.982] [bmv2] [D] [thread 14297] [14.0] [cxt 0] Pipeline 'egress': start
[04:13:49.982] [bmv2] [D] [thread 14297] [14.0] [cxt 0] Pipeline 'egress': end
[04:13:49.982] [bmv2] [D] [thread 14297] [14.0] [cxt 0] Deparser 'deparser': start
[04:13:49.982] [bmv2] [T] [thread 14297] [14.0] [cxt 0] Skipping checksum 'cksum' update because condition not met
[04:13:49.982] [bmv2] [D] [thread 14297] [14.0] [cxt 0] Deparsing header 'ethernet'
[04:13:49.982] [bmv2] [D] [thread 14297] [14.0] [cxt 0] Deparser 'deparser': end
[04:13:49.982] [bmv2] [D] [thread 14297] [15.0] [cxt 0] Pipeline 'egress': start
[04:13:49.982] [bmv2] [D] [thread 14297] [15.0] [cxt 0] Pipeline 'egress': end
[04:13:49.982] [bmv2] [D] [thread 14297] [15.0] [cxt 0] Deparser 'deparser': start
[04:13:49.982] [bmv2] [T] [thread 14297] [15.0] [cxt 0] Skipping checksum 'cksum' update because condition not met
[04:13:49.982] [bmv2] [D] [thread 14297] [15.0] [cxt 0] Deparsing header 'ethernet'
[04:13:49.982] [bmv2] [D] [thread 14297] [15.0] [cxt 0] Deparser 'deparser': end
[04:13:49.982] [bmv2] [D] [thread 14301] [14.0] [cxt 0] Transmitting packet of size 208 out of port 0
[04:13:49.982] [bmv2] [D] [thread 14301] [15.0] [cxt 0] Transmitting packet of size 110 out of port 0
[04:13:50.037] [bmv2] [D] [thread 14296] [16.0] [cxt 0] Processing packet received on port 2
[04:13:50.037] [bmv2] [D] [thread 14296] [16.0] [cxt 0] Parser 'parser': start
[04:13:50.037] [bmv2] [D] [thread 14296] [16.0] [cxt 0] Parser 'parser' entering state 'start'
[04:13:50.037] [bmv2] [D] [thread 14296] [16.0] [cxt 0] Extracting header 'ethernet'
[04:13:50.037] [bmv2] [D] [thread 14296] [16.0] [cxt 0] Parser state 'start': key is 86dd
[04:13:50.037] [bmv2] [T] [thread 14296] [16.0] [cxt 0] Bytes parsed: 14
[04:13:50.037] [bmv2] [D] [thread 14296] [16.0] [cxt 0] Parser 'parser': end
[04:13:50.037] [bmv2] [D] [thread 14296] [16.0] [cxt 0] Pipeline 'ingress': start
[04:13:50.037] [bmv2] [T] [thread 14296] [16.0] [cxt 0] basic.p4(114) Condition "hdr.ipv4.isValid()" (node_2) is false
[04:13:50.037] [bmv2] [D] [thread 14296] [16.0] [cxt 0] Pipeline 'ingress': end
[04:13:50.037] [bmv2] [D] [thread 14296] [16.0] [cxt 0] Egress port is 0
[04:13:50.037] [bmv2] [D] [thread 14297] [16.0] [cxt 0] Pipeline 'egress': start
[04:13:50.037] [bmv2] [D] [thread 14297] [16.0] [cxt 0] Pipeline 'egress': end
[04:13:50.037] [bmv2] [D] [thread 14297] [16.0] [cxt 0] Deparser 'deparser': start
[04:13:50.037] [bmv2] [T] [thread 14297] [16.0] [cxt 0] Skipping checksum 'cksum' update because condition not met
[04:13:50.037] [bmv2] [D] [thread 14297] [16.0] [cxt 0] Deparsing header 'ethernet'
[04:13:50.037] [bmv2] [D] [thread 14297] [16.0] [cxt 0] Deparser 'deparser': end
[04:13:50.038] [bmv2] [D] [thread 14301] [16.0] [cxt 0] Transmitting packet of size 110 out of port 0
[04:13:50.091] [bmv2] [D] [thread 14296] [17.0] [cxt 0] Processing packet received on port 1
[04:13:50.091] [bmv2] [D] [thread 14296] [17.0] [cxt 0] Parser 'parser': start
[04:13:50.091] [bmv2] [D] [thread 14296] [17.0] [cxt 0] Parser 'parser' entering state 'start'
[04:13:50.091] [bmv2] [D] [thread 14296] [17.0] [cxt 0] Extracting header 'ethernet'
[04:13:50.091] [bmv2] [D] [thread 14296] [17.0] [cxt 0] Parser state 'start': key is 86dd
[04:13:50.091] [bmv2] [T] [thread 14296] [17.0] [cxt 0] Bytes parsed: 14
[04:13:50.091] [bmv2] [D] [thread 14296] [17.0] [cxt 0] Parser 'parser': end
[04:13:50.091] [bmv2] [D] [thread 14296] [17.0] [cxt 0] Pipeline 'ingress': start
[04:13:50.091] [bmv2] [T] [thread 14296] [17.0] [cxt 0] basic.p4(114) Condition "hdr.ipv4.isValid()" (node_2) is false
[04:13:50.091] [bmv2] [D] [thread 14296] [17.0] [cxt 0] Pipeline 'ingress': end
[04:13:50.091] [bmv2] [D] [thread 14296] [17.0] [cxt 0] Egress port is 0
[04:13:50.091] [bmv2] [D] [thread 14297] [17.0] [cxt 0] Pipeline 'egress': start
[04:13:50.091] [bmv2] [D] [thread 14297] [17.0] [cxt 0] Pipeline 'egress': end
[04:13:50.091] [bmv2] [D] [thread 14297] [17.0] [cxt 0] Deparser 'deparser': start
[04:13:50.091] [bmv2] [T] [thread 14297] [17.0] [cxt 0] Skipping checksum 'cksum' update because condition not met
[04:13:50.091] [bmv2] [D] [thread 14297] [17.0] [cxt 0] Deparsing header 'ethernet'
[04:13:50.091] [bmv2] [D] [thread 14297] [17.0] [cxt 0] Deparser 'deparser': end
[04:13:50.091] [bmv2] [D] [thread 14301] [17.0] [cxt 0] Transmitting packet of size 90 out of port 0
[04:13:50.184] [bmv2] [D] [thread 14296] [18.0] [cxt 0] Processing packet received on port 2
[04:13:50.184] [bmv2] [D] [thread 14296] [18.0] [cxt 0] Parser 'parser': start
[04:13:50.184] [bmv2] [D] [thread 14296] [18.0] [cxt 0] Parser 'parser' entering state 'start'
[04:13:50.184] [bmv2] [D] [thread 14296] [18.0] [cxt 0] Extracting header 'ethernet'
[04:13:50.184] [bmv2] [D] [thread 14296] [18.0] [cxt 0] Parser state 'start': key is 86dd
[04:13:50.184] [bmv2] [T] [thread 14296] [18.0] [cxt 0] Bytes parsed: 14
[04:13:50.184] [bmv2] [D] [thread 14296] [18.0] [cxt 0] Parser 'parser': end
[04:13:50.184] [bmv2] [D] [thread 14296] [18.0] [cxt 0] Pipeline 'ingress': start
[04:13:50.184] [bmv2] [T] [thread 14296] [18.0] [cxt 0] basic.p4(114) Condition "hdr.ipv4.isValid()" (node_2) is false
[04:13:50.184] [bmv2] [D] [thread 14296] [18.0] [cxt 0] Pipeline 'ingress': end
[04:13:50.184] [bmv2] [D] [thread 14296] [18.0] [cxt 0] Egress port is 0
[04:13:50.184] [bmv2] [D] [thread 14297] [18.0] [cxt 0] Pipeline 'egress': start
[04:13:50.184] [bmv2] [D] [thread 14297] [18.0] [cxt 0] Pipeline 'egress': end
[04:13:50.184] [bmv2] [D] [thread 14297] [18.0] [cxt 0] Deparser 'deparser': start
[04:13:50.184] [bmv2] [T] [thread 14297] [18.0] [cxt 0] Skipping checksum 'cksum' update because condition not met
[04:13:50.184] [bmv2] [D] [thread 14297] [18.0] [cxt 0] Deparsing header 'ethernet'
[04:13:50.184] [bmv2] [D] [thread 14297] [18.0] [cxt 0] Deparser 'deparser': end
[04:13:50.184] [bmv2] [D] [thread 14301] [18.0] [cxt 0] Transmitting packet of size 196 out of port 0
[04:13:50.236] [bmv2] [D] [thread 14296] [19.0] [cxt 0] Processing packet received on port 1
[04:13:50.236] [bmv2] [D] [thread 14296] [19.0] [cxt 0] Parser 'parser': start
[04:13:50.236] [bmv2] [D] [thread 14296] [19.0] [cxt 0] Parser 'parser' entering state 'start'
[04:13:50.236] [bmv2] [D] [thread 14296] [19.0] [cxt 0] Extracting header 'ethernet'
[04:13:50.237] [bmv2] [D] [thread 14296] [19.0] [cxt 0] Parser state 'start': key is 86dd
[04:13:50.237] [bmv2] [T] [thread 14296] [19.0] [cxt 0] Bytes parsed: 14
[04:13:50.237] [bmv2] [D] [thread 14296] [19.0] [cxt 0] Parser 'parser': end
[04:13:50.237] [bmv2] [D] [thread 14296] [19.0] [cxt 0] Pipeline 'ingress': start
[04:13:50.237] [bmv2] [T] [thread 14296] [19.0] [cxt 0] basic.p4(114) Condition "hdr.ipv4.isValid()" (node_2) is false
[04:13:50.237] [bmv2] [D] [thread 14296] [19.0] [cxt 0] Pipeline 'ingress': end
[04:13:50.237] [bmv2] [D] [thread 14296] [19.0] [cxt 0] Egress port is 0
[04:13:50.237] [bmv2] [D] [thread 14297] [19.0] [cxt 0] Pipeline 'egress': start
[04:13:50.237] [bmv2] [D] [thread 14297] [19.0] [cxt 0] Pipeline 'egress': end
[04:13:50.237] [bmv2] [D] [thread 14297] [19.0] [cxt 0] Deparser 'deparser': start
[04:13:50.237] [bmv2] [T] [thread 14297] [19.0] [cxt 0] Skipping checksum 'cksum' update because condition not met
[04:13:50.237] [bmv2] [D] [thread 14297] [19.0] [cxt 0] Deparsing header 'ethernet'
[04:13:50.237] [bmv2] [D] [thread 14297] [19.0] [cxt 0] Deparser 'deparser': end
[04:13:50.237] [bmv2] [D] [thread 14301] [19.0] [cxt 0] Transmitting packet of size 107 out of port 0
[04:13:50.438] [bmv2] [D] [thread 14296] [20.0] [cxt 0] Processing packet received on port 2
[04:13:50.438] [bmv2] [D] [thread 14296] [20.0] [cxt 0] Parser 'parser': start
[04:13:50.438] [bmv2] [D] [thread 14296] [20.0] [cxt 0] Parser 'parser' entering state 'start'
[04:13:50.438] [bmv2] [D] [thread 14296] [20.0] [cxt 0] Extracting header 'ethernet'
[04:13:50.438] [bmv2] [D] [thread 14296] [20.0] [cxt 0] Parser state 'start': key is 86dd
[04:13:50.438] [bmv2] [T] [thread 14296] [20.0] [cxt 0] Bytes parsed: 14
[04:13:50.438] [bmv2] [D] [thread 14296] [20.0] [cxt 0] Parser 'parser': end
[04:13:50.438] [bmv2] [D] [thread 14296] [20.0] [cxt 0] Pipeline 'ingress': start
[04:13:50.438] [bmv2] [T] [thread 14296] [20.0] [cxt 0] basic.p4(114) Condition "hdr.ipv4.isValid()" (node_2) is false
[04:13:50.438] [bmv2] [D] [thread 14296] [20.0] [cxt 0] Pipeline 'ingress': end
[04:13:50.439] [bmv2] [D] [thread 14296] [20.0] [cxt 0] Egress port is 0
[04:13:50.439] [bmv2] [D] [thread 14297] [20.0] [cxt 0] Pipeline 'egress': start
[04:13:50.439] [bmv2] [D] [thread 14297] [20.0] [cxt 0] Pipeline 'egress': end
[04:13:50.439] [bmv2] [D] [thread 14297] [20.0] [cxt 0] Deparser 'deparser': start
[04:13:50.439] [bmv2] [T] [thread 14297] [20.0] [cxt 0] Skipping checksum 'cksum' update because condition not met
[04:13:50.439] [bmv2] [D] [thread 14297] [20.0] [cxt 0] Deparsing header 'ethernet'
[04:13:50.439] [bmv2] [D] [thread 14297] [20.0] [cxt 0] Deparser 'deparser': end
[04:13:50.439] [bmv2] [D] [thread 14301] [20.0] [cxt 0] Transmitting packet of size 168 out of port 0
[04:13:50.527] [bmv2] [D] [thread 14296] [21.0] [cxt 0] Processing packet received on port 2
[04:13:50.527] [bmv2] [D] [thread 14296] [21.0] [cxt 0] Parser 'parser': start
[04:13:50.527] [bmv2] [D] [thread 14296] [21.0] [cxt 0] Parser 'parser' entering state 'start'
[04:13:50.527] [bmv2] [D] [thread 14296] [21.0] [cxt 0] Extracting header 'ethernet'
[04:13:50.527] [bmv2] [D] [thread 14296] [21.0] [cxt 0] Parser state 'start': key is 86dd
[04:13:50.527] [bmv2] [T] [thread 14296] [21.0] [cxt 0] Bytes parsed: 14
[04:13:50.527] [bmv2] [D] [thread 14296] [21.0] [cxt 0] Parser 'parser': end
[04:13:50.528] [bmv2] [D] [thread 14296] [21.0] [cxt 0] Pipeline 'ingress': start
[04:13:50.528] [bmv2] [T] [thread 14296] [21.0] [cxt 0] basic.p4(114) Condition "hdr.ipv4.isValid()" (node_2) is false
[04:13:50.528] [bmv2] [D] [thread 14296] [21.0] [cxt 0] Pipeline 'ingress': end
[04:13:50.528] [bmv2] [D] [thread 14296] [21.0] [cxt 0] Egress port is 0
[04:13:50.528] [bmv2] [D] [thread 14297] [21.0] [cxt 0] Pipeline 'egress': start
[04:13:50.528] [bmv2] [D] [thread 14297] [21.0] [cxt 0] Pipeline 'egress': end
[04:13:50.528] [bmv2] [D] [thread 14297] [21.0] [cxt 0] Deparser 'deparser': start
[04:13:50.528] [bmv2] [T] [thread 14297] [21.0] [cxt 0] Skipping checksum 'cksum' update because condition not met
[04:13:50.528] [bmv2] [D] [thread 14297] [21.0] [cxt 0] Deparsing header 'ethernet'
[04:13:50.528] [bmv2] [D] [thread 14297] [21.0] [cxt 0] Deparser 'deparser': end
[04:13:50.528] [bmv2] [D] [thread 14301] [21.0] [cxt 0] Transmitting packet of size 107 out of port 0
[04:13:50.937] [bmv2] [D] [thread 14296] [22.0] [cxt 0] Processing packet received on port 1
[04:13:50.937] [bmv2] [D] [thread 14296] [22.0] [cxt 0] Parser 'parser': start
[04:13:50.937] [bmv2] [D] [thread 14296] [22.0] [cxt 0] Parser 'parser' entering state 'start'
[04:13:50.937] [bmv2] [D] [thread 14296] [22.0] [cxt 0] Extracting header 'ethernet'
[04:13:50.938] [bmv2] [D] [thread 14296] [22.0] [cxt 0] Parser state 'start': key is 86dd
[04:13:50.938] [bmv2] [T] [thread 14296] [22.0] [cxt 0] Bytes parsed: 14
[04:13:50.938] [bmv2] [D] [thread 14296] [22.0] [cxt 0] Parser 'parser': end
[04:13:50.938] [bmv2] [D] [thread 14296] [22.0] [cxt 0] Pipeline 'ingress': start
[04:13:50.938] [bmv2] [T] [thread 14296] [22.0] [cxt 0] basic.p4(114) Condition "hdr.ipv4.isValid()" (node_2) is false
[04:13:50.938] [bmv2] [D] [thread 14296] [22.0] [cxt 0] Pipeline 'ingress': end
[04:13:50.938] [bmv2] [D] [thread 14296] [22.0] [cxt 0] Egress port is 0
[04:13:50.938] [bmv2] [D] [thread 14297] [22.0] [cxt 0] Pipeline 'egress': start
[04:13:50.938] [bmv2] [D] [thread 14297] [22.0] [cxt 0] Pipeline 'egress': end
[04:13:50.938] [bmv2] [D] [thread 14297] [22.0] [cxt 0] Deparser 'deparser': start
[04:13:50.938] [bmv2] [T] [thread 14297] [22.0] [cxt 0] Skipping checksum 'cksum' update because condition not met
[04:13:50.938] [bmv2] [D] [thread 14297] [22.0] [cxt 0] Deparsing header 'ethernet'
[04:13:50.938] [bmv2] [D] [thread 14297] [22.0] [cxt 0] Deparser 'deparser': end
[04:13:50.938] [bmv2] [D] [thread 14301] [22.0] [cxt 0] Transmitting packet of size 196 out of port 0
[04:13:50.970] [bmv2] [D] [thread 14296] [23.0] [cxt 0] Processing packet received on port 1
[04:13:50.970] [bmv2] [D] [thread 14296] [23.0] [cxt 0] Parser 'parser': start
[04:13:50.970] [bmv2] [D] [thread 14296] [23.0] [cxt 0] Parser 'parser' entering state 'start'
[04:13:50.970] [bmv2] [D] [thread 14296] [23.0] [cxt 0] Extracting header 'ethernet'
[04:13:50.970] [bmv2] [D] [thread 14296] [23.0] [cxt 0] Parser state 'start': key is 86dd
[04:13:50.970] [bmv2] [T] [thread 14296] [23.0] [cxt 0] Bytes parsed: 14
[04:13:50.970] [bmv2] [D] [thread 14296] [23.0] [cxt 0] Parser 'parser': end
[04:13:50.970] [bmv2] [D] [thread 14296] [23.0] [cxt 0] Pipeline 'ingress': start
[04:13:50.970] [bmv2] [T] [thread 14296] [23.0] [cxt 0] basic.p4(114) Condition "hdr.ipv4.isValid()" (node_2) is false
[04:13:50.970] [bmv2] [D] [thread 14296] [23.0] [cxt 0] Pipeline 'ingress': end
[04:13:50.970] [bmv2] [D] [thread 14296] [23.0] [cxt 0] Egress port is 0
[04:13:50.970] [bmv2] [D] [thread 14297] [23.0] [cxt 0] Pipeline 'egress': start
[04:13:50.970] [bmv2] [D] [thread 14297] [23.0] [cxt 0] Pipeline 'egress': end
[04:13:50.970] [bmv2] [D] [thread 14297] [23.0] [cxt 0] Deparser 'deparser': start
[04:13:50.970] [bmv2] [T] [thread 14297] [23.0] [cxt 0] Skipping checksum 'cksum' update because condition not met
[04:13:50.970] [bmv2] [D] [thread 14297] [23.0] [cxt 0] Deparsing header 'ethernet'
[04:13:50.970] [bmv2] [D] [thread 14297] [23.0] [cxt 0] Deparser 'deparser': end
[04:13:50.970] [bmv2] [D] [thread 14301] [23.0] [cxt 0] Transmitting packet of size 196 out of port 0
New connection
P4Runtime SetForwardingPipelineConfig
[04:13:51.066] [bmv2] [W] [thread 14343] [P4Runtime] p4::tmp::P4DeviceConfig is deprecated
[04:13:51.067] [bmv2] [D] [thread 14343] Set default default entry for table 'MyIngress.ipv4_lpm': MyIngress.drop - 
P4Runtime Write
device_id: 3
election_id {
  low: 1
}
updates {
  type: MODIFY
  entity {
    table_entry {
      table_id: 33574068
      action {
        action {
          action_id: 16805608
        }
      }
      is_default_action: true
    }
  }
}
[04:13:51.072] [bmv2] [D] [thread 14343] Set default entry for table 'MyIngress.ipv4_lpm': MyIngress.drop - 
P4Runtime Write
device_id: 3
election_id {
  low: 1
}
updates {
  type: INSERT
  entity {
    table_entry {
      table_id: 33574068
      match {
        field_id: 1
        lpm {
          value: "\n\000\001\001"
          prefix_len: 32
        }
      }
      action {
        action {
          action_id: 16799317
          params {
            param_id: 1
            value: "\010\000\000\000\001\000"
          }
          params {
            param_id: 2
            value: "\000\002"
          }
        }
      }
    }
  }
}
[04:13:51.076] [bmv2] [D] [thread 14343] Entry 0 added to table 'MyIngress.ipv4_lpm'
[04:13:51.076] [bmv2] [D] [thread 14343] Dumping entry 0
Match key:
* hdr.ipv4.dstAddr    : LPM       0a000101/32
Action entry: MyIngress.ipv4_forward - 80000000100,2,

P4Runtime Write
device_id: 3
election_id {
  low: 1
}
updates {
  type: INSERT
  entity {
    table_entry {
      table_id: 33574068
      match {
        field_id: 1
        lpm {
          value: "\n\000\002\002"
          prefix_len: 32
        }
      }
      action {
        action {
          action_id: 16799317
          params {
            param_id: 1
            value: "\010\000\000\000\001\000"
          }
          params {
            param_id: 2
            value: "\000\002"
          }
        }
      }
    }
  }
}
[04:13:51.078] [bmv2] [D] [thread 14343] Entry 1 added to table 'MyIngress.ipv4_lpm'
[04:13:51.078] [bmv2] [D] [thread 14343] Dumping entry 1
Match key:
* hdr.ipv4.dstAddr    : LPM       0a000202/32
Action entry: MyIngress.ipv4_forward - 80000000100,2,

P4Runtime Write
device_id: 3
election_id {
  low: 1
}
updates {
  type: INSERT
  entity {
    table_entry {
      table_id: 33574068
      match {
        field_id: 1
        lpm {
          value: "\n\000\003\003"
          prefix_len: 32
        }
      }
      action {
        action {
          action_id: 16799317
          params {
            param_id: 1
            value: "\010\000\000\000\002\000"
          }
          params {
            param_id: 2
            value: "\000\001"
          }
        }
      }
    }
  }
}
[04:13:51.080] [bmv2] [D] [thread 14343] Entry 2 added to table 'MyIngress.ipv4_lpm'
[04:13:51.080] [bmv2] [D] [thread 14343] Dumping entry 2
Match key:
* hdr.ipv4.dstAddr    : LPM       0a000303/32
Action entry: MyIngress.ipv4_forward - 80000000200,1,

P4Runtime Write
device_id: 3
election_id {
  low: 1
}
updates {
  type: INSERT
  entity {
    table_entry {
      table_id: 33574068
      match {
        field_id: 1
        lpm {
          value: "\n\000\004\004"
          prefix_len: 32
        }
      }
      action {
        action {
          action_id: 16799317
          params {
            param_id: 1
            value: "\010\000\000\000\002\000"
          }
          params {
            param_id: 2
            value: "\000\001"
          }
        }
      }
    }
  }
}
[04:13:51.081] [bmv2] [D] [thread 14343] Entry 3 added to table 'MyIngress.ipv4_lpm'
[04:13:51.081] [bmv2] [D] [thread 14343] Dumping entry 3
Match key:
* hdr.ipv4.dstAddr    : LPM       0a000404/32
Action entry: MyIngress.ipv4_forward - 80000000200,1,

Connection removed
[04:13:51.211] [bmv2] [D] [thread 14296] [24.0] [cxt 0] Processing packet received on port 2
[04:13:51.211] [bmv2] [D] [thread 14296] [24.0] [cxt 0] Parser 'parser': start
[04:13:51.211] [bmv2] [D] [thread 14296] [24.0] [cxt 0] Parser 'parser' entering state 'start'
[04:13:51.211] [bmv2] [D] [thread 14296] [24.0] [cxt 0] Extracting header 'ethernet'
[04:13:51.211] [bmv2] [D] [thread 14296] [24.0] [cxt 0] Parser state 'start': key is 86dd
[04:13:51.211] [bmv2] [T] [thread 14296] [24.0] [cxt 0] Bytes parsed: 14
[04:13:51.211] [bmv2] [D] [thread 14296] [24.0] [cxt 0] Parser 'parser': end
[04:13:51.211] [bmv2] [D] [thread 14296] [24.0] [cxt 0] Pipeline 'ingress': start
[04:13:51.211] [bmv2] [T] [thread 14296] [24.0] [cxt 0] basic.p4(114) Condition "hdr.ipv4.isValid()" (node_2) is false
[04:13:51.211] [bmv2] [D] [thread 14296] [24.0] [cxt 0] Pipeline 'ingress': end
[04:13:51.211] [bmv2] [D] [thread 14296] [24.0] [cxt 0] Egress port is 0
[04:13:51.211] [bmv2] [D] [thread 14297] [24.0] [cxt 0] Pipeline 'egress': start
[04:13:51.211] [bmv2] [D] [thread 14297] [24.0] [cxt 0] Pipeline 'egress': end
[04:13:51.211] [bmv2] [D] [thread 14297] [24.0] [cxt 0] Deparser 'deparser': start
[04:13:51.211] [bmv2] [T] [thread 14297] [24.0] [cxt 0] Skipping checksum 'cksum' update because condition not met
[04:13:51.211] [bmv2] [D] [thread 14297] [24.0] [cxt 0] Deparsing header 'ethernet'
[04:13:51.211] [bmv2] [D] [thread 14297] [24.0] [cxt 0] Deparser 'deparser': end
[04:13:51.211] [bmv2] [D] [thread 14301] [24.0] [cxt 0] Transmitting packet of size 196 out of port 0
[04:13:51.749] [bmv2] [D] [thread 14296] [25.0] [cxt 0] Processing packet received on port 2
[04:13:51.749] [bmv2] [D] [thread 14296] [25.0] [cxt 0] Parser 'parser': start
[04:13:51.749] [bmv2] [D] [thread 14296] [25.0] [cxt 0] Parser 'parser' entering state 'start'
[04:13:51.749] [bmv2] [D] [thread 14296] [25.0] [cxt 0] Extracting header 'ethernet'
[04:13:51.749] [bmv2] [D] [thread 14296] [25.0] [cxt 0] Parser state 'start': key is 86dd
[04:13:51.749] [bmv2] [T] [thread 14296] [25.0] [cxt 0] Bytes parsed: 14
[04:13:51.749] [bmv2] [D] [thread 14296] [25.0] [cxt 0] Parser 'parser': end
[04:13:51.749] [bmv2] [D] [thread 14296] [25.0] [cxt 0] Pipeline 'ingress': start
[04:13:51.749] [bmv2] [T] [thread 14296] [25.0] [cxt 0] basic.p4(114) Condition "hdr.ipv4.isValid()" (node_2) is false
[04:13:51.750] [bmv2] [D] [thread 14296] [25.0] [cxt 0] Pipeline 'ingress': end
[04:13:51.750] [bmv2] [D] [thread 14296] [25.0] [cxt 0] Egress port is 0
[04:13:51.750] [bmv2] [D] [thread 14297] [25.0] [cxt 0] Pipeline 'egress': start
[04:13:51.750] [bmv2] [D] [thread 14297] [25.0] [cxt 0] Pipeline 'egress': end
[04:13:51.750] [bmv2] [D] [thread 14297] [25.0] [cxt 0] Deparser 'deparser': start
[04:13:51.750] [bmv2] [T] [thread 14297] [25.0] [cxt 0] Skipping checksum 'cksum' update because condition not met
[04:13:51.750] [bmv2] [D] [thread 14297] [25.0] [cxt 0] Deparsing header 'ethernet'
[04:13:51.750] [bmv2] [D] [thread 14297] [25.0] [cxt 0] Deparser 'deparser': end
[04:13:51.750] [bmv2] [D] [thread 14301] [25.0] [cxt 0] Transmitting packet of size 107 out of port 0
[04:13:52.250] [bmv2] [D] [thread 14296] [26.0] [cxt 0] Processing packet received on port 1
[04:13:52.250] [bmv2] [D] [thread 14296] [26.0] [cxt 0] Parser 'parser': start
[04:13:52.250] [bmv2] [D] [thread 14296] [26.0] [cxt 0] Parser 'parser' entering state 'start'
[04:13:52.250] [bmv2] [D] [thread 14296] [26.0] [cxt 0] Extracting header 'ethernet'
[04:13:52.250] [bmv2] [D] [thread 14296] [26.0] [cxt 0] Parser state 'start': key is 86dd
[04:13:52.250] [bmv2] [T] [thread 14296] [26.0] [cxt 0] Bytes parsed: 14
[04:13:52.250] [bmv2] [D] [thread 14296] [26.0] [cxt 0] Parser 'parser': end
[04:13:52.250] [bmv2] [D] [thread 14296] [26.0] [cxt 0] Pipeline 'ingress': start
[04:13:52.250] [bmv2] [T] [thread 14296] [26.0] [cxt 0] basic.p4(114) Condition "hdr.ipv4.isValid()" (node_2) is false
[04:13:52.250] [bmv2] [D] [thread 14296] [26.0] [cxt 0] Pipeline 'ingress': end
[04:13:52.251] [bmv2] [D] [thread 14296] [26.0] [cxt 0] Egress port is 0
[04:13:52.251] [bmv2] [D] [thread 14297] [26.0] [cxt 0] Pipeline 'egress': start
[04:13:52.251] [bmv2] [D] [thread 14297] [26.0] [cxt 0] Pipeline 'egress': end
[04:13:52.251] [bmv2] [D] [thread 14297] [26.0] [cxt 0] Deparser 'deparser': start
[04:13:52.251] [bmv2] [T] [thread 14297] [26.0] [cxt 0] Skipping checksum 'cksum' update because condition not met
[04:13:52.251] [bmv2] [D] [thread 14297] [26.0] [cxt 0] Deparsing header 'ethernet'
[04:13:52.251] [bmv2] [D] [thread 14297] [26.0] [cxt 0] Deparser 'deparser': end
[04:13:52.251] [bmv2] [D] [thread 14301] [26.0] [cxt 0] Transmitting packet of size 107 out of port 0
[04:13:52.461] [bmv2] [D] [thread 14296] [27.0] [cxt 0] Processing packet received on port 2
[04:13:52.461] [bmv2] [D] [thread 14296] [27.0] [cxt 0] Parser 'parser': start
[04:13:52.461] [bmv2] [D] [thread 14296] [27.0] [cxt 0] Parser 'parser' entering state 'start'
[04:13:52.461] [bmv2] [D] [thread 14296] [27.0] [cxt 0] Extracting header 'ethernet'
[04:13:52.461] [bmv2] [D] [thread 14296] [27.0] [cxt 0] Parser state 'start': key is 86dd
[04:13:52.461] [bmv2] [T] [thread 14296] [27.0] [cxt 0] Bytes parsed: 14
[04:13:52.461] [bmv2] [D] [thread 14296] [27.0] [cxt 0] Parser 'parser': end
[04:13:52.461] [bmv2] [D] [thread 14296] [27.0] [cxt 0] Pipeline 'ingress': start
[04:13:52.461] [bmv2] [T] [thread 14296] [27.0] [cxt 0] basic.p4(114) Condition "hdr.ipv4.isValid()" (node_2) is false
[04:13:52.461] [bmv2] [D] [thread 14296] [27.0] [cxt 0] Pipeline 'ingress': end
[04:13:52.461] [bmv2] [D] [thread 14296] [27.0] [cxt 0] Egress port is 0
[04:13:52.461] [bmv2] [D] [thread 14297] [27.0] [cxt 0] Pipeline 'egress': start
[04:13:52.461] [bmv2] [D] [thread 14297] [27.0] [cxt 0] Pipeline 'egress': end
[04:13:52.461] [bmv2] [D] [thread 14297] [27.0] [cxt 0] Deparser 'deparser': start
[04:13:52.461] [bmv2] [T] [thread 14297] [27.0] [cxt 0] Skipping checksum 'cksum' update because condition not met
[04:13:52.461] [bmv2] [D] [thread 14297] [27.0] [cxt 0] Deparsing header 'ethernet'
[04:13:52.461] [bmv2] [D] [thread 14297] [27.0] [cxt 0] Deparser 'deparser': end
[04:13:52.461] [bmv2] [D] [thread 14301] [27.0] [cxt 0] Transmitting packet of size 196 out of port 0
[04:13:52.530] [bmv2] [D] [thread 14296] [28.0] [cxt 0] Processing packet received on port 2
[04:13:52.530] [bmv2] [D] [thread 14296] [28.0] [cxt 0] Parser 'parser': start
[04:13:52.530] [bmv2] [D] [thread 14296] [28.0] [cxt 0] Parser 'parser' entering state 'start'
[04:13:52.530] [bmv2] [D] [thread 14296] [28.0] [cxt 0] Extracting header 'ethernet'
[04:13:52.530] [bmv2] [D] [thread 14296] [28.0] [cxt 0] Parser state 'start': key is 86dd
[04:13:52.530] [bmv2] [T] [thread 14296] [28.0] [cxt 0] Bytes parsed: 14
[04:13:52.531] [bmv2] [D] [thread 14296] [28.0] [cxt 0] Parser 'parser': end
[04:13:52.531] [bmv2] [D] [thread 14296] [28.0] [cxt 0] Pipeline 'ingress': start
[04:13:52.531] [bmv2] [T] [thread 14296] [28.0] [cxt 0] basic.p4(114) Condition "hdr.ipv4.isValid()" (node_2) is false
[04:13:52.531] [bmv2] [D] [thread 14296] [28.0] [cxt 0] Pipeline 'ingress': end
[04:13:52.531] [bmv2] [D] [thread 14296] [28.0] [cxt 0] Egress port is 0
[04:13:52.531] [bmv2] [D] [thread 14297] [28.0] [cxt 0] Pipeline 'egress': start
[04:13:52.531] [bmv2] [D] [thread 14297] [28.0] [cxt 0] Pipeline 'egress': end
[04:13:52.531] [bmv2] [D] [thread 14297] [28.0] [cxt 0] Deparser 'deparser': start
[04:13:52.531] [bmv2] [T] [thread 14297] [28.0] [cxt 0] Skipping checksum 'cksum' update because condition not met
[04:13:52.531] [bmv2] [D] [thread 14297] [28.0] [cxt 0] Deparsing header 'ethernet'
[04:13:52.531] [bmv2] [D] [thread 14297] [28.0] [cxt 0] Deparser 'deparser': end
[04:13:52.531] [bmv2] [D] [thread 14301] [28.0] [cxt 0] Transmitting packet of size 107 out of port 0
[04:13:52.648] [bmv2] [D] [thread 14296] [29.0] [cxt 0] Processing packet received on port 2
[04:13:52.648] [bmv2] [D] [thread 14296] [29.0] [cxt 0] Parser 'parser': start
[04:13:52.648] [bmv2] [D] [thread 14296] [29.0] [cxt 0] Parser 'parser' entering state 'start'
[04:13:52.648] [bmv2] [D] [thread 14296] [29.0] [cxt 0] Extracting header 'ethernet'
[04:13:52.648] [bmv2] [D] [thread 14296] [29.0] [cxt 0] Parser state 'start': key is 86dd
[04:13:52.648] [bmv2] [T] [thread 14296] [29.0] [cxt 0] Bytes parsed: 14
[04:13:52.648] [bmv2] [D] [thread 14296] [29.0] [cxt 0] Parser 'parser': end
[04:13:52.648] [bmv2] [D] [thread 14296] [29.0] [cxt 0] Pipeline 'ingress': start
[04:13:52.648] [bmv2] [T] [thread 14296] [29.0] [cxt 0] basic.p4(114) Condition "hdr.ipv4.isValid()" (node_2) is false
[04:13:52.648] [bmv2] [D] [thread 14296] [29.0] [cxt 0] Pipeline 'ingress': end
[04:13:52.648] [bmv2] [D] [thread 14296] [29.0] [cxt 0] Egress port is 0
[04:13:52.648] [bmv2] [D] [thread 14297] [29.0] [cxt 0] Pipeline 'egress': start
[04:13:52.648] [bmv2] [D] [thread 14297] [29.0] [cxt 0] Pipeline 'egress': end
[04:13:52.648] [bmv2] [D] [thread 14297] [29.0] [cxt 0] Deparser 'deparser': start
[04:13:52.648] [bmv2] [T] [thread 14297] [29.0] [cxt 0] Skipping checksum 'cksum' update because condition not met
[04:13:52.648] [bmv2] [D] [thread 14297] [29.0] [cxt 0] Deparsing header 'ethernet'
[04:13:52.648] [bmv2] [D] [thread 14297] [29.0] [cxt 0] Deparser 'deparser': end
[04:13:52.648] [bmv2] [D] [thread 14301] [29.0] [cxt 0] Transmitting packet of size 70 out of port 0
[04:13:52.957] [bmv2] [D] [thread 14296] [30.0] [cxt 0] Processing packet received on port 1
[04:13:52.958] [bmv2] [D] [thread 14296] [30.0] [cxt 0] Parser 'parser': start
[04:13:52.958] [bmv2] [D] [thread 14296] [30.0] [cxt 0] Parser 'parser' entering state 'start'
[04:13:52.958] [bmv2] [D] [thread 14296] [30.0] [cxt 0] Extracting header 'ethernet'
[04:13:52.958] [bmv2] [D] [thread 14296] [30.0] [cxt 0] Parser state 'start': key is 86dd
[04:13:52.958] [bmv2] [T] [thread 14296] [30.0] [cxt 0] Bytes parsed: 14
[04:13:52.958] [bmv2] [D] [thread 14296] [30.0] [cxt 0] Parser 'parser': end
[04:13:52.958] [bmv2] [D] [thread 14296] [30.0] [cxt 0] Pipeline 'ingress': start
[04:13:52.958] [bmv2] [T] [thread 14296] [30.0] [cxt 0] basic.p4(114) Condition "hdr.ipv4.isValid()" (node_2) is false
[04:13:52.958] [bmv2] [D] [thread 14296] [30.0] [cxt 0] Pipeline 'ingress': end
[04:13:52.958] [bmv2] [D] [thread 14296] [30.0] [cxt 0] Egress port is 0
[04:13:52.958] [bmv2] [D] [thread 14297] [30.0] [cxt 0] Pipeline 'egress': start
[04:13:52.958] [bmv2] [D] [thread 14297] [30.0] [cxt 0] Pipeline 'egress': end
[04:13:52.958] [bmv2] [D] [thread 14297] [30.0] [cxt 0] Deparser 'deparser': start
[04:13:52.958] [bmv2] [T] [thread 14297] [30.0] [cxt 0] Skipping checksum 'cksum' update because condition not met
[04:13:52.958] [bmv2] [D] [thread 14297] [30.0] [cxt 0] Deparsing header 'ethernet'
[04:13:52.958] [bmv2] [D] [thread 14297] [30.0] [cxt 0] Deparser 'deparser': end
[04:13:52.958] [bmv2] [D] [thread 14301] [30.0] [cxt 0] Transmitting packet of size 196 out of port 0
[04:13:52.991] [bmv2] [D] [thread 14296] [31.0] [cxt 0] Processing packet received on port 1
[04:13:52.991] [bmv2] [D] [thread 14296] [31.0] [cxt 0] Parser 'parser': start
[04:13:52.991] [bmv2] [D] [thread 14296] [31.0] [cxt 0] Parser 'parser' entering state 'start'
[04:13:52.991] [bmv2] [D] [thread 14296] [31.0] [cxt 0] Extracting header 'ethernet'
[04:13:52.991] [bmv2] [D] [thread 14296] [31.0] [cxt 0] Parser state 'start': key is 86dd
[04:13:52.991] [bmv2] [T] [thread 14296] [31.0] [cxt 0] Bytes parsed: 14
[04:13:52.991] [bmv2] [D] [thread 14296] [31.0] [cxt 0] Parser 'parser': end
[04:13:52.991] [bmv2] [D] [thread 14296] [31.0] [cxt 0] Pipeline 'ingress': start
[04:13:52.991] [bmv2] [T] [thread 14296] [31.0] [cxt 0] basic.p4(114) Condition "hdr.ipv4.isValid()" (node_2) is false
[04:13:52.991] [bmv2] [D] [thread 14296] [31.0] [cxt 0] Pipeline 'ingress': end
[04:13:52.991] [bmv2] [D] [thread 14296] [31.0] [cxt 0] Egress port is 0
[04:13:52.991] [bmv2] [D] [thread 14297] [31.0] [cxt 0] Pipeline 'egress': start
[04:13:52.991] [bmv2] [D] [thread 14297] [31.0] [cxt 0] Pipeline 'egress': end
[04:13:52.991] [bmv2] [D] [thread 14297] [31.0] [cxt 0] Deparser 'deparser': start
[04:13:52.992] [bmv2] [T] [thread 14297] [31.0] [cxt 0] Skipping checksum 'cksum' update because condition not met
[04:13:52.992] [bmv2] [D] [thread 14297] [31.0] [cxt 0] Deparsing header 'ethernet'
[04:13:52.992] [bmv2] [D] [thread 14297] [31.0] [cxt 0] Deparser 'deparser': end
[04:13:52.992] [bmv2] [D] [thread 14301] [31.0] [cxt 0] Transmitting packet of size 196 out of port 0
[04:13:53.136] [bmv2] [D] [thread 14296] [32.0] [cxt 0] Processing packet received on port 1
[04:13:53.136] [bmv2] [D] [thread 14296] [32.0] [cxt 0] Parser 'parser': start
[04:13:53.136] [bmv2] [D] [thread 14296] [32.0] [cxt 0] Parser 'parser' entering state 'start'
[04:13:53.136] [bmv2] [D] [thread 14296] [32.0] [cxt 0] Extracting header 'ethernet'
[04:13:53.136] [bmv2] [D] [thread 14296] [32.0] [cxt 0] Parser state 'start': key is 86dd
[04:13:53.136] [bmv2] [T] [thread 14296] [32.0] [cxt 0] Bytes parsed: 14
[04:13:53.136] [bmv2] [D] [thread 14296] [32.0] [cxt 0] Parser 'parser': end
[04:13:53.136] [bmv2] [D] [thread 14296] [32.0] [cxt 0] Pipeline 'ingress': start
[04:13:53.136] [bmv2] [T] [thread 14296] [32.0] [cxt 0] basic.p4(114) Condition "hdr.ipv4.isValid()" (node_2) is false
[04:13:53.136] [bmv2] [D] [thread 14296] [32.0] [cxt 0] Pipeline 'ingress': end
[04:13:53.136] [bmv2] [D] [thread 14296] [32.0] [cxt 0] Egress port is 0
[04:13:53.136] [bmv2] [D] [thread 14297] [32.0] [cxt 0] Pipeline 'egress': start
[04:13:53.136] [bmv2] [D] [thread 14297] [32.0] [cxt 0] Pipeline 'egress': end
[04:13:53.136] [bmv2] [D] [thread 14297] [32.0] [cxt 0] Deparser 'deparser': start
[04:13:53.136] [bmv2] [T] [thread 14297] [32.0] [cxt 0] Skipping checksum 'cksum' update because condition not met
[04:13:53.136] [bmv2] [D] [thread 14297] [32.0] [cxt 0] Deparsing header 'ethernet'
[04:13:53.136] [bmv2] [D] [thread 14297] [32.0] [cxt 0] Deparser 'deparser': end
[04:13:53.136] [bmv2] [D] [thread 14301] [32.0] [cxt 0] Transmitting packet of size 70 out of port 0
[04:13:53.171] [bmv2] [D] [thread 14296] [33.0] [cxt 0] Processing packet received on port 1
[04:13:53.171] [bmv2] [D] [thread 14296] [33.0] [cxt 0] Parser 'parser': start
[04:13:53.171] [bmv2] [D] [thread 14296] [33.0] [cxt 0] Parser 'parser' entering state 'start'
[04:13:53.171] [bmv2] [D] [thread 14296] [33.0] [cxt 0] Extracting header 'ethernet'
[04:13:53.171] [bmv2] [D] [thread 14296] [33.0] [cxt 0] Parser state 'start': key is 86dd
[04:13:53.171] [bmv2] [T] [thread 14296] [33.0] [cxt 0] Bytes parsed: 14
[04:13:53.171] [bmv2] [D] [thread 14296] [33.0] [cxt 0] Parser 'parser': end
[04:13:53.171] [bmv2] [D] [thread 14296] [33.0] [cxt 0] Pipeline 'ingress': start
[04:13:53.171] [bmv2] [T] [thread 14296] [33.0] [cxt 0] basic.p4(114) Condition "hdr.ipv4.isValid()" (node_2) is false
[04:13:53.171] [bmv2] [D] [thread 14296] [33.0] [cxt 0] Pipeline 'ingress': end
[04:13:53.171] [bmv2] [D] [thread 14296] [33.0] [cxt 0] Egress port is 0
[04:13:53.171] [bmv2] [D] [thread 14297] [33.0] [cxt 0] Pipeline 'egress': start
[04:13:53.171] [bmv2] [D] [thread 14297] [33.0] [cxt 0] Pipeline 'egress': end
[04:13:53.171] [bmv2] [D] [thread 14297] [33.0] [cxt 0] Deparser 'deparser': start
[04:13:53.171] [bmv2] [T] [thread 14297] [33.0] [cxt 0] Skipping checksum 'cksum' update because condition not met
[04:13:53.171] [bmv2] [D] [thread 14297] [33.0] [cxt 0] Deparsing header 'ethernet'
[04:13:53.171] [bmv2] [D] [thread 14297] [33.0] [cxt 0] Deparser 'deparser': end
[04:13:53.171] [bmv2] [D] [thread 14301] [33.0] [cxt 0] Transmitting packet of size 70 out of port 0
[04:13:53.231] [bmv2] [D] [thread 14296] [34.0] [cxt 0] Processing packet received on port 2
[04:13:53.231] [bmv2] [D] [thread 14296] [34.0] [cxt 0] Parser 'parser': start
[04:13:53.231] [bmv2] [D] [thread 14296] [34.0] [cxt 0] Parser 'parser' entering state 'start'
[04:13:53.231] [bmv2] [D] [thread 14296] [34.0] [cxt 0] Extracting header 'ethernet'
[04:13:53.231] [bmv2] [D] [thread 14296] [34.0] [cxt 0] Parser state 'start': key is 86dd
[04:13:53.231] [bmv2] [T] [thread 14296] [34.0] [cxt 0] Bytes parsed: 14
[04:13:53.231] [bmv2] [D] [thread 14296] [34.0] [cxt 0] Parser 'parser': end
[04:13:53.231] [bmv2] [D] [thread 14296] [34.0] [cxt 0] Pipeline 'ingress': start
[04:13:53.231] [bmv2] [T] [thread 14296] [34.0] [cxt 0] basic.p4(114) Condition "hdr.ipv4.isValid()" (node_2) is false
[04:13:53.231] [bmv2] [D] [thread 14296] [34.0] [cxt 0] Pipeline 'ingress': end
[04:13:53.231] [bmv2] [D] [thread 14296] [34.0] [cxt 0] Egress port is 0
[04:13:53.231] [bmv2] [D] [thread 14297] [34.0] [cxt 0] Pipeline 'egress': start
[04:13:53.231] [bmv2] [D] [thread 14297] [34.0] [cxt 0] Pipeline 'egress': end
[04:13:53.231] [bmv2] [D] [thread 14297] [34.0] [cxt 0] Deparser 'deparser': start
[04:13:53.231] [bmv2] [T] [thread 14297] [34.0] [cxt 0] Skipping checksum 'cksum' update because condition not met
[04:13:53.231] [bmv2] [D] [thread 14297] [34.0] [cxt 0] Deparsing header 'ethernet'
[04:13:53.231] [bmv2] [D] [thread 14297] [34.0] [cxt 0] Deparser 'deparser': end
[04:13:53.231] [bmv2] [D] [thread 14301] [34.0] [cxt 0] Transmitting packet of size 196 out of port 0
[04:13:53.416] [bmv2] [D] [thread 14296] [35.0] [cxt 0] Processing packet received on port 2
[04:13:53.416] [bmv2] [D] [thread 14296] [35.0] [cxt 0] Parser 'parser': start
[04:13:53.416] [bmv2] [D] [thread 14296] [35.0] [cxt 0] Parser 'parser' entering state 'start'
[04:13:53.416] [bmv2] [D] [thread 14296] [35.0] [cxt 0] Extracting header 'ethernet'
[04:13:53.416] [bmv2] [D] [thread 14296] [35.0] [cxt 0] Parser state 'start': key is 86dd
[04:13:53.416] [bmv2] [T] [thread 14296] [35.0] [cxt 0] Bytes parsed: 14
[04:13:53.416] [bmv2] [D] [thread 14296] [35.0] [cxt 0] Parser 'parser': end
[04:13:53.416] [bmv2] [D] [thread 14296] [35.0] [cxt 0] Pipeline 'ingress': start
[04:13:53.416] [bmv2] [T] [thread 14296] [35.0] [cxt 0] basic.p4(114) Condition "hdr.ipv4.isValid()" (node_2) is false
[04:13:53.416] [bmv2] [D] [thread 14296] [35.0] [cxt 0] Pipeline 'ingress': end
[04:13:53.416] [bmv2] [D] [thread 14296] [35.0] [cxt 0] Egress port is 0
[04:13:53.416] [bmv2] [D] [thread 14297] [35.0] [cxt 0] Pipeline 'egress': start
[04:13:53.416] [bmv2] [D] [thread 14297] [35.0] [cxt 0] Pipeline 'egress': end
[04:13:53.416] [bmv2] [D] [thread 14297] [35.0] [cxt 0] Deparser 'deparser': start
[04:13:53.416] [bmv2] [T] [thread 14297] [35.0] [cxt 0] Skipping checksum 'cksum' update because condition not met
[04:13:53.416] [bmv2] [D] [thread 14297] [35.0] [cxt 0] Deparsing header 'ethernet'
[04:13:53.416] [bmv2] [D] [thread 14297] [35.0] [cxt 0] Deparser 'deparser': end
[04:13:53.416] [bmv2] [D] [thread 14301] [35.0] [cxt 0] Transmitting packet of size 70 out of port 0
[04:13:55.751] [bmv2] [D] [thread 14296] [36.0] [cxt 0] Processing packet received on port 2
[04:13:55.751] [bmv2] [D] [thread 14296] [36.0] [cxt 0] Parser 'parser': start
[04:13:55.751] [bmv2] [D] [thread 14296] [36.0] [cxt 0] Parser 'parser' entering state 'start'
[04:13:55.751] [bmv2] [D] [thread 14296] [36.0] [cxt 0] Extracting header 'ethernet'
[04:13:55.751] [bmv2] [D] [thread 14296] [36.0] [cxt 0] Parser state 'start': key is 86dd
[04:13:55.751] [bmv2] [T] [thread 14296] [36.0] [cxt 0] Bytes parsed: 14
[04:13:55.751] [bmv2] [D] [thread 14296] [36.0] [cxt 0] Parser 'parser': end
[04:13:55.751] [bmv2] [D] [thread 14296] [36.0] [cxt 0] Pipeline 'ingress': start
[04:13:55.751] [bmv2] [T] [thread 14296] [36.0] [cxt 0] basic.p4(114) Condition "hdr.ipv4.isValid()" (node_2) is false
[04:13:55.751] [bmv2] [D] [thread 14296] [36.0] [cxt 0] Pipeline 'ingress': end
[04:13:55.751] [bmv2] [D] [thread 14296] [36.0] [cxt 0] Egress port is 0
[04:13:55.752] [bmv2] [D] [thread 14297] [36.0] [cxt 0] Pipeline 'egress': start
[04:13:55.752] [bmv2] [D] [thread 14297] [36.0] [cxt 0] Pipeline 'egress': end
[04:13:55.752] [bmv2] [D] [thread 14297] [36.0] [cxt 0] Deparser 'deparser': start
[04:13:55.752] [bmv2] [T] [thread 14297] [36.0] [cxt 0] Skipping checksum 'cksum' update because condition not met
[04:13:55.752] [bmv2] [D] [thread 14297] [36.0] [cxt 0] Deparsing header 'ethernet'
[04:13:55.752] [bmv2] [D] [thread 14297] [36.0] [cxt 0] Deparser 'deparser': end
[04:13:55.752] [bmv2] [D] [thread 14301] [36.0] [cxt 0] Transmitting packet of size 107 out of port 0
[04:13:56.251] [bmv2] [D] [thread 14296] [37.0] [cxt 0] Processing packet received on port 1
[04:13:56.251] [bmv2] [D] [thread 14296] [37.0] [cxt 0] Parser 'parser': start
[04:13:56.251] [bmv2] [D] [thread 14296] [37.0] [cxt 0] Parser 'parser' entering state 'start'
[04:13:56.251] [bmv2] [D] [thread 14296] [37.0] [cxt 0] Extracting header 'ethernet'
[04:13:56.251] [bmv2] [D] [thread 14296] [37.0] [cxt 0] Parser state 'start': key is 86dd
[04:13:56.251] [bmv2] [T] [thread 14296] [37.0] [cxt 0] Bytes parsed: 14
[04:13:56.251] [bmv2] [D] [thread 14296] [37.0] [cxt 0] Parser 'parser': end
[04:13:56.251] [bmv2] [D] [thread 14296] [37.0] [cxt 0] Pipeline 'ingress': start
[04:13:56.251] [bmv2] [T] [thread 14296] [37.0] [cxt 0] basic.p4(114) Condition "hdr.ipv4.isValid()" (node_2) is false
[04:13:56.251] [bmv2] [D] [thread 14296] [37.0] [cxt 0] Pipeline 'ingress': end
[04:13:56.251] [bmv2] [D] [thread 14296] [37.0] [cxt 0] Egress port is 0
[04:13:56.251] [bmv2] [D] [thread 14297] [37.0] [cxt 0] Pipeline 'egress': start
[04:13:56.251] [bmv2] [D] [thread 14297] [37.0] [cxt 0] Pipeline 'egress': end
[04:13:56.251] [bmv2] [D] [thread 14297] [37.0] [cxt 0] Deparser 'deparser': start
[04:13:56.251] [bmv2] [T] [thread 14297] [37.0] [cxt 0] Skipping checksum 'cksum' update because condition not met
[04:13:56.251] [bmv2] [D] [thread 14297] [37.0] [cxt 0] Deparsing header 'ethernet'
[04:13:56.251] [bmv2] [D] [thread 14297] [37.0] [cxt 0] Deparser 'deparser': end
[04:13:56.251] [bmv2] [D] [thread 14301] [37.0] [cxt 0] Transmitting packet of size 107 out of port 0
[04:13:56.538] [bmv2] [D] [thread 14296] [38.0] [cxt 0] Processing packet received on port 2
[04:13:56.538] [bmv2] [D] [thread 14296] [38.0] [cxt 0] Parser 'parser': start
[04:13:56.538] [bmv2] [D] [thread 14296] [38.0] [cxt 0] Parser 'parser' entering state 'start'
[04:13:56.538] [bmv2] [D] [thread 14296] [38.0] [cxt 0] Extracting header 'ethernet'
[04:13:56.538] [bmv2] [D] [thread 14296] [38.0] [cxt 0] Parser state 'start': key is 86dd
[04:13:56.538] [bmv2] [T] [thread 14296] [38.0] [cxt 0] Bytes parsed: 14
[04:13:56.538] [bmv2] [D] [thread 14296] [38.0] [cxt 0] Parser 'parser': end
[04:13:56.538] [bmv2] [D] [thread 14296] [38.0] [cxt 0] Pipeline 'ingress': start
[04:13:56.538] [bmv2] [T] [thread 14296] [38.0] [cxt 0] basic.p4(114) Condition "hdr.ipv4.isValid()" (node_2) is false
[04:13:56.538] [bmv2] [D] [thread 14296] [38.0] [cxt 0] Pipeline 'ingress': end
[04:13:56.538] [bmv2] [D] [thread 14296] [38.0] [cxt 0] Egress port is 0
[04:13:56.538] [bmv2] [D] [thread 14297] [38.0] [cxt 0] Pipeline 'egress': start
[04:13:56.538] [bmv2] [D] [thread 14297] [38.0] [cxt 0] Pipeline 'egress': end
[04:13:56.538] [bmv2] [D] [thread 14297] [38.0] [cxt 0] Deparser 'deparser': start
[04:13:56.538] [bmv2] [T] [thread 14297] [38.0] [cxt 0] Skipping checksum 'cksum' update because condition not met
[04:13:56.538] [bmv2] [D] [thread 14297] [38.0] [cxt 0] Deparsing header 'ethernet'
[04:13:56.538] [bmv2] [D] [thread 14297] [38.0] [cxt 0] Deparser 'deparser': end
[04:13:56.538] [bmv2] [D] [thread 14301] [38.0] [cxt 0] Transmitting packet of size 107 out of port 0
[04:13:56.656] [bmv2] [D] [thread 14296] [39.0] [cxt 0] Processing packet received on port 2
[04:13:56.656] [bmv2] [D] [thread 14296] [39.0] [cxt 0] Parser 'parser': start
[04:13:56.656] [bmv2] [D] [thread 14296] [39.0] [cxt 0] Parser 'parser' entering state 'start'
[04:13:56.656] [bmv2] [D] [thread 14296] [39.0] [cxt 0] Extracting header 'ethernet'
[04:13:56.656] [bmv2] [D] [thread 14296] [39.0] [cxt 0] Parser state 'start': key is 86dd
[04:13:56.656] [bmv2] [T] [thread 14296] [39.0] [cxt 0] Bytes parsed: 14
[04:13:56.656] [bmv2] [D] [thread 14296] [39.0] [cxt 0] Parser 'parser': end
[04:13:56.656] [bmv2] [D] [thread 14296] [39.0] [cxt 0] Pipeline 'ingress': start
[04:13:56.656] [bmv2] [T] [thread 14296] [39.0] [cxt 0] basic.p4(114) Condition "hdr.ipv4.isValid()" (node_2) is false
[04:13:56.656] [bmv2] [D] [thread 14296] [39.0] [cxt 0] Pipeline 'ingress': end
[04:13:56.656] [bmv2] [D] [thread 14296] [39.0] [cxt 0] Egress port is 0
[04:13:56.656] [bmv2] [D] [thread 14297] [39.0] [cxt 0] Pipeline 'egress': start
[04:13:56.656] [bmv2] [D] [thread 14297] [39.0] [cxt 0] Pipeline 'egress': end
[04:13:56.656] [bmv2] [D] [thread 14297] [39.0] [cxt 0] Deparser 'deparser': start
[04:13:56.656] [bmv2] [T] [thread 14297] [39.0] [cxt 0] Skipping checksum 'cksum' update because condition not met
[04:13:56.656] [bmv2] [D] [thread 14297] [39.0] [cxt 0] Deparsing header 'ethernet'
[04:13:56.656] [bmv2] [D] [thread 14297] [39.0] [cxt 0] Deparser 'deparser': end
[04:13:56.656] [bmv2] [D] [thread 14301] [39.0] [cxt 0] Transmitting packet of size 70 out of port 0
[04:13:57.150] [bmv2] [D] [thread 14296] [40.0] [cxt 0] Processing packet received on port 1
[04:13:57.150] [bmv2] [D] [thread 14296] [40.0] [cxt 0] Parser 'parser': start
[04:13:57.150] [bmv2] [D] [thread 14296] [40.0] [cxt 0] Parser 'parser' entering state 'start'
[04:13:57.150] [bmv2] [D] [thread 14296] [40.0] [cxt 0] Extracting header 'ethernet'
[04:13:57.150] [bmv2] [D] [thread 14296] [40.0] [cxt 0] Parser state 'start': key is 86dd
[04:13:57.150] [bmv2] [T] [thread 14296] [40.0] [cxt 0] Bytes parsed: 14
[04:13:57.150] [bmv2] [D] [thread 14296] [40.0] [cxt 0] Parser 'parser': end
[04:13:57.150] [bmv2] [D] [thread 14296] [40.0] [cxt 0] Pipeline 'ingress': start
[04:13:57.150] [bmv2] [T] [thread 14296] [40.0] [cxt 0] basic.p4(114) Condition "hdr.ipv4.isValid()" (node_2) is false
[04:13:57.150] [bmv2] [D] [thread 14296] [40.0] [cxt 0] Pipeline 'ingress': end
[04:13:57.150] [bmv2] [D] [thread 14296] [40.0] [cxt 0] Egress port is 0
[04:13:57.151] [bmv2] [D] [thread 14297] [40.0] [cxt 0] Pipeline 'egress': start
[04:13:57.151] [bmv2] [D] [thread 14297] [40.0] [cxt 0] Pipeline 'egress': end
[04:13:57.151] [bmv2] [D] [thread 14297] [40.0] [cxt 0] Deparser 'deparser': start
[04:13:57.151] [bmv2] [T] [thread 14297] [40.0] [cxt 0] Skipping checksum 'cksum' update because condition not met
[04:13:57.151] [bmv2] [D] [thread 14297] [40.0] [cxt 0] Deparsing header 'ethernet'
[04:13:57.151] [bmv2] [D] [thread 14297] [40.0] [cxt 0] Deparser 'deparser': end
[04:13:57.151] [bmv2] [D] [thread 14301] [40.0] [cxt 0] Transmitting packet of size 70 out of port 0
[04:13:57.180] [bmv2] [D] [thread 14296] [41.0] [cxt 0] Processing packet received on port 1
[04:13:57.180] [bmv2] [D] [thread 14296] [41.0] [cxt 0] Parser 'parser': start
[04:13:57.180] [bmv2] [D] [thread 14296] [41.0] [cxt 0] Parser 'parser' entering state 'start'
[04:13:57.180] [bmv2] [D] [thread 14296] [41.0] [cxt 0] Extracting header 'ethernet'
[04:13:57.180] [bmv2] [D] [thread 14296] [41.0] [cxt 0] Parser state 'start': key is 86dd
[04:13:57.180] [bmv2] [T] [thread 14296] [41.0] [cxt 0] Bytes parsed: 14
[04:13:57.180] [bmv2] [D] [thread 14296] [41.0] [cxt 0] Parser 'parser': end
[04:13:57.180] [bmv2] [D] [thread 14296] [41.0] [cxt 0] Pipeline 'ingress': start
[04:13:57.180] [bmv2] [T] [thread 14296] [41.0] [cxt 0] basic.p4(114) Condition "hdr.ipv4.isValid()" (node_2) is false
[04:13:57.180] [bmv2] [D] [thread 14296] [41.0] [cxt 0] Pipeline 'ingress': end
[04:13:57.180] [bmv2] [D] [thread 14296] [41.0] [cxt 0] Egress port is 0
[04:13:57.180] [bmv2] [D] [thread 14297] [41.0] [cxt 0] Pipeline 'egress': start
[04:13:57.180] [bmv2] [D] [thread 14297] [41.0] [cxt 0] Pipeline 'egress': end
[04:13:57.180] [bmv2] [D] [thread 14297] [41.0] [cxt 0] Deparser 'deparser': start
[04:13:57.180] [bmv2] [T] [thread 14297] [41.0] [cxt 0] Skipping checksum 'cksum' update because condition not met
[04:13:57.180] [bmv2] [D] [thread 14297] [41.0] [cxt 0] Deparsing header 'ethernet'
[04:13:57.180] [bmv2] [D] [thread 14297] [41.0] [cxt 0] Deparser 'deparser': end
[04:13:57.180] [bmv2] [D] [thread 14301] [41.0] [cxt 0] Transmitting packet of size 70 out of port 0
[04:13:57.440] [bmv2] [D] [thread 14296] [42.0] [cxt 0] Processing packet received on port 2
[04:13:57.440] [bmv2] [D] [thread 14296] [42.0] [cxt 0] Parser 'parser': start
[04:13:57.440] [bmv2] [D] [thread 14296] [42.0] [cxt 0] Parser 'parser' entering state 'start'
[04:13:57.440] [bmv2] [D] [thread 14296] [42.0] [cxt 0] Extracting header 'ethernet'
[04:13:57.440] [bmv2] [D] [thread 14296] [42.0] [cxt 0] Parser state 'start': key is 86dd
[04:13:57.440] [bmv2] [T] [thread 14296] [42.0] [cxt 0] Bytes parsed: 14
[04:13:57.440] [bmv2] [D] [thread 14296] [42.0] [cxt 0] Parser 'parser': end
[04:13:57.440] [bmv2] [D] [thread 14296] [42.0] [cxt 0] Pipeline 'ingress': start
[04:13:57.440] [bmv2] [T] [thread 14296] [42.0] [cxt 0] basic.p4(114) Condition "hdr.ipv4.isValid()" (node_2) is false
[04:13:57.440] [bmv2] [D] [thread 14296] [42.0] [cxt 0] Pipeline 'ingress': end
[04:13:57.440] [bmv2] [D] [thread 14296] [42.0] [cxt 0] Egress port is 0
[04:13:57.440] [bmv2] [D] [thread 14297] [42.0] [cxt 0] Pipeline 'egress': start
[04:13:57.440] [bmv2] [D] [thread 14297] [42.0] [cxt 0] Pipeline 'egress': end
[04:13:57.440] [bmv2] [D] [thread 14297] [42.0] [cxt 0] Deparser 'deparser': start
[04:13:57.440] [bmv2] [T] [thread 14297] [42.0] [cxt 0] Skipping checksum 'cksum' update because condition not met
[04:13:57.440] [bmv2] [D] [thread 14297] [42.0] [cxt 0] Deparsing header 'ethernet'
[04:13:57.440] [bmv2] [D] [thread 14297] [42.0] [cxt 0] Deparser 'deparser': end
[04:13:57.440] [bmv2] [D] [thread 14301] [42.0] [cxt 0] Transmitting packet of size 70 out of port 0
[04:14:03.761] [bmv2] [D] [thread 14296] [43.0] [cxt 0] Processing packet received on port 2
[04:14:03.761] [bmv2] [D] [thread 14296] [43.0] [cxt 0] Parser 'parser': start
[04:14:03.761] [bmv2] [D] [thread 14296] [43.0] [cxt 0] Parser 'parser' entering state 'start'
[04:14:03.761] [bmv2] [D] [thread 14296] [43.0] [cxt 0] Extracting header 'ethernet'
[04:14:03.761] [bmv2] [D] [thread 14296] [43.0] [cxt 0] Parser state 'start': key is 86dd
[04:14:03.761] [bmv2] [T] [thread 14296] [43.0] [cxt 0] Bytes parsed: 14
[04:14:03.761] [bmv2] [D] [thread 14296] [43.0] [cxt 0] Parser 'parser': end
[04:14:03.761] [bmv2] [D] [thread 14296] [43.0] [cxt 0] Pipeline 'ingress': start
[04:14:03.761] [bmv2] [T] [thread 14296] [43.0] [cxt 0] basic.p4(114) Condition "hdr.ipv4.isValid()" (node_2) is false
[04:14:03.761] [bmv2] [D] [thread 14296] [43.0] [cxt 0] Pipeline 'ingress': end
[04:14:03.761] [bmv2] [D] [thread 14296] [43.0] [cxt 0] Egress port is 0
[04:14:03.761] [bmv2] [D] [thread 14297] [43.0] [cxt 0] Pipeline 'egress': start
[04:14:03.761] [bmv2] [D] [thread 14297] [43.0] [cxt 0] Pipeline 'egress': end
[04:14:03.761] [bmv2] [D] [thread 14297] [43.0] [cxt 0] Deparser 'deparser': start
[04:14:03.761] [bmv2] [T] [thread 14297] [43.0] [cxt 0] Skipping checksum 'cksum' update because condition not met
[04:14:03.761] [bmv2] [D] [thread 14297] [43.0] [cxt 0] Deparsing header 'ethernet'
[04:14:03.761] [bmv2] [D] [thread 14297] [43.0] [cxt 0] Deparser 'deparser': end
[04:14:03.761] [bmv2] [D] [thread 14301] [43.0] [cxt 0] Transmitting packet of size 107 out of port 0
[04:14:04.249] [bmv2] [D] [thread 14296] [44.0] [cxt 0] Processing packet received on port 1
[04:14:04.249] [bmv2] [D] [thread 14296] [44.0] [cxt 0] Parser 'parser': start
[04:14:04.249] [bmv2] [D] [thread 14296] [44.0] [cxt 0] Parser 'parser' entering state 'start'
[04:14:04.249] [bmv2] [D] [thread 14296] [44.0] [cxt 0] Extracting header 'ethernet'
[04:14:04.249] [bmv2] [D] [thread 14296] [44.0] [cxt 0] Parser state 'start': key is 86dd
[04:14:04.249] [bmv2] [T] [thread 14296] [44.0] [cxt 0] Bytes parsed: 14
[04:14:04.249] [bmv2] [D] [thread 14296] [44.0] [cxt 0] Parser 'parser': end
[04:14:04.249] [bmv2] [D] [thread 14296] [44.0] [cxt 0] Pipeline 'ingress': start
[04:14:04.249] [bmv2] [T] [thread 14296] [44.0] [cxt 0] basic.p4(114) Condition "hdr.ipv4.isValid()" (node_2) is false
[04:14:04.249] [bmv2] [D] [thread 14296] [44.0] [cxt 0] Pipeline 'ingress': end
[04:14:04.249] [bmv2] [D] [thread 14296] [44.0] [cxt 0] Egress port is 0
[04:14:04.249] [bmv2] [D] [thread 14297] [44.0] [cxt 0] Pipeline 'egress': start
[04:14:04.249] [bmv2] [D] [thread 14297] [44.0] [cxt 0] Pipeline 'egress': end
[04:14:04.249] [bmv2] [D] [thread 14297] [44.0] [cxt 0] Deparser 'deparser': start
[04:14:04.249] [bmv2] [T] [thread 14297] [44.0] [cxt 0] Skipping checksum 'cksum' update because condition not met
[04:14:04.249] [bmv2] [D] [thread 14297] [44.0] [cxt 0] Deparsing header 'ethernet'
[04:14:04.249] [bmv2] [D] [thread 14297] [44.0] [cxt 0] Deparser 'deparser': end
[04:14:04.249] [bmv2] [D] [thread 14301] [44.0] [cxt 0] Transmitting packet of size 107 out of port 0
[04:14:04.532] [bmv2] [D] [thread 14296] [45.0] [cxt 0] Processing packet received on port 2
[04:14:04.532] [bmv2] [D] [thread 14296] [45.0] [cxt 0] Parser 'parser': start
[04:14:04.532] [bmv2] [D] [thread 14296] [45.0] [cxt 0] Parser 'parser' entering state 'start'
[04:14:04.532] [bmv2] [D] [thread 14296] [45.0] [cxt 0] Extracting header 'ethernet'
[04:14:04.532] [bmv2] [D] [thread 14296] [45.0] [cxt 0] Parser state 'start': key is 86dd
[04:14:04.532] [bmv2] [T] [thread 14296] [45.0] [cxt 0] Bytes parsed: 14
[04:14:04.532] [bmv2] [D] [thread 14296] [45.0] [cxt 0] Parser 'parser': end
[04:14:04.532] [bmv2] [D] [thread 14296] [45.0] [cxt 0] Pipeline 'ingress': start
[04:14:04.532] [bmv2] [T] [thread 14296] [45.0] [cxt 0] basic.p4(114) Condition "hdr.ipv4.isValid()" (node_2) is false
[04:14:04.532] [bmv2] [D] [thread 14296] [45.0] [cxt 0] Pipeline 'ingress': end
[04:14:04.532] [bmv2] [D] [thread 14296] [45.0] [cxt 0] Egress port is 0
[04:14:04.532] [bmv2] [D] [thread 14297] [45.0] [cxt 0] Pipeline 'egress': start
[04:14:04.532] [bmv2] [D] [thread 14297] [45.0] [cxt 0] Pipeline 'egress': end
[04:14:04.532] [bmv2] [D] [thread 14297] [45.0] [cxt 0] Deparser 'deparser': start
[04:14:04.532] [bmv2] [T] [thread 14297] [45.0] [cxt 0] Skipping checksum 'cksum' update because condition not met
[04:14:04.532] [bmv2] [D] [thread 14297] [45.0] [cxt 0] Deparsing header 'ethernet'
[04:14:04.532] [bmv2] [D] [thread 14297] [45.0] [cxt 0] Deparser 'deparser': end
[04:14:04.532] [bmv2] [D] [thread 14301] [45.0] [cxt 0] Transmitting packet of size 107 out of port 0
open: No such file or directory
open: No such file or directory
open: No such file or directory
open: No such file or directory
